Using pre-set license
Built from '2021.3/staging' branch; Version is '2021.3.18f1 (3129e69bc0c7) revision 3221990'; Using compiler version '192829333'; Build Type 'Release'
OS: 'Windows 11  (10.0.22621) 64bit Core' Language: 'ru' Physical Memory: 16249 MB
BatchMode: 1, IsHumanControllingUs: 0, StartBugReporterOnCrash: 0, Is64bit: 1, IsPro: 1

COMMAND LINE ARGUMENTS:
C:\Program Files\Unity\Hub\Editor\2021.3.18f1\Editor\Unity.exe
-adb2
-batchMode
-noUpm
-name
AssetImportWorker3
-projectPath
E:/visual code/unity/testas 3d
-logFile
Logs/AssetImportWorker3.log
-srvPort
55958
Successfully changed project path to: E:/visual code/unity/testas 3d
E:/visual code/unity/testas 3d
[UnityMemory] Configuration Parameters - Can be set up in boot.config
    "memorysetup-bucket-allocator-granularity=16"
    "memorysetup-bucket-allocator-bucket-count=8"
    "memorysetup-bucket-allocator-block-size=33554432"
    "memorysetup-bucket-allocator-block-count=8"
    "memorysetup-main-allocator-block-size=16777216"
    "memorysetup-thread-allocator-block-size=16777216"
    "memorysetup-gfx-main-allocator-block-size=16777216"
    "memorysetup-gfx-thread-allocator-block-size=16777216"
    "memorysetup-cache-allocator-block-size=4194304"
    "memorysetup-typetree-allocator-block-size=2097152"
    "memorysetup-profiler-bucket-allocator-granularity=16"
    "memorysetup-profiler-bucket-allocator-bucket-count=8"
    "memorysetup-profiler-bucket-allocator-block-size=33554432"
    "memorysetup-profiler-bucket-allocator-block-count=8"
    "memorysetup-profiler-allocator-block-size=16777216"
    "memorysetup-profiler-editor-allocator-block-size=1048576"
    "memorysetup-temp-allocator-size-main=16777216"
    "memorysetup-job-temp-allocator-block-size=2097152"
    "memorysetup-job-temp-allocator-block-size-background=1048576"
    "memorysetup-job-temp-allocator-reduction-small-platforms=262144"
    "memorysetup-temp-allocator-size-background-worker=32768"
    "memorysetup-temp-allocator-size-job-worker=262144"
    "memorysetup-temp-allocator-size-preload-manager=33554432"
    "memorysetup-temp-allocator-size-nav-mesh-worker=65536"
    "memorysetup-temp-allocator-size-audio-worker=65536"
    "memorysetup-temp-allocator-size-cloud-worker=32768"
    "memorysetup-temp-allocator-size-gi-baking-worker=262144"
    "memorysetup-temp-allocator-size-gfx=262144"
Player connection [20680] Host "[IP] 192.168.0.103 [Port] 0 [Flags] 2 [Guid] 447180255 [EditorId] 447180255 [Version] 1048832 [Id] WindowsEditor(7,winimak-oleg) [Debug] 1 [PackageName] WindowsEditor [ProjectName] Editor" joined multi-casting on [225.0.0.222:54997]...

Player connection [20680] Host "[IP] 192.168.0.103 [Port] 0 [Flags] 2 [Guid] 447180255 [EditorId] 447180255 [Version] 1048832 [Id] WindowsEditor(7,winimak-oleg) [Debug] 1 [PackageName] WindowsEditor [ProjectName] Editor" joined alternative multi-casting on [225.0.0.222:34997]...

Refreshing native plugins compatible for Editor in 102.76 ms, found 3 plugins.
Preloading 0 native plugins for Editor in 0.00 ms.
Initialize engine version: 2021.3.18f1 (3129e69bc0c7)
[Subsystems] Discovering subsystems at path C:/Program Files/Unity/Hub/Editor/2021.3.18f1/Editor/Data/Resources/UnitySubsystems
[Subsystems] Discovering subsystems at path E:/visual code/unity/testas 3d/Assets
GfxDevice: creating device client; threaded=0; jobified=0
Direct3D:
    Version:  Direct3D 11.0 [level 11.1]
    Renderer: NVIDIA GeForce RTX 2060 (ID=0x1f08)
    Vendor:   NVIDIA
    VRAM:     5968 MB
    Driver:   31.0.15.2802
Initialize mono
Mono path[0] = 'C:/Program Files/Unity/Hub/Editor/2021.3.18f1/Editor/Data/Managed'
Mono path[1] = 'C:/Program Files/Unity/Hub/Editor/2021.3.18f1/Editor/Data/MonoBleedingEdge/lib/mono/unityjit-win32'
Mono config path = 'C:/Program Files/Unity/Hub/Editor/2021.3.18f1/Editor/Data/MonoBleedingEdge/etc'
Using monoOptions --debugger-agent=transport=dt_socket,embedding=1,server=y,suspend=n,address=127.0.0.1:56528
Begin MonoManager ReloadAssembly
Registering precompiled unity dll's ...
Register platform support module: C:/Program Files/Unity/Hub/Editor/2021.3.18f1/Editor/Data/PlaybackEngines/WebGLSupport/UnityEditor.WebGL.Extensions.dll
Register platform support module: C:/Program Files/Unity/Hub/Editor/2021.3.18f1/Editor/Data/PlaybackEngines/AndroidPlayer/UnityEditor.Android.Extensions.dll
Register platform support module: C:/Program Files/Unity/Hub/Editor/2021.3.18f1/Editor/Data/PlaybackEngines/iOSSupport/UnityEditor.iOS.Extensions.dll
Register platform support module: C:/Program Files/Unity/Hub/Editor/2021.3.18f1/Editor/Data/PlaybackEngines/WindowsStandaloneSupport/UnityEditor.WindowsStandalone.Extensions.dll
Registered in 0.009509 seconds.
Native extension for WindowsStandalone target not found
[usbmuxd] Start listen thread
[usbmuxd] Listen thread started
[usbmuxd] Send listen message
Native extension for iOS target not found
Native extension for Android target not found
Android Extension - Scanning For ADB Devices 224 ms
Native extension for WebGL target not found
Refreshing native plugins compatible for Editor in 91.20 ms, found 3 plugins.
Preloading 0 native plugins for Editor in 0.00 ms.
Mono: successfully reloaded assembly
- Completed reload, in  1.000 seconds
Domain Reload Profiling:
	ReloadAssembly (1001ms)
		BeginReloadAssembly (95ms)
			ExecutionOrderSort (0ms)
			DisableScriptedObjects (0ms)
			BackupInstance (0ms)
			ReleaseScriptingObjects (0ms)
			CreateAndSetChildDomain (1ms)
		EndReloadAssembly (773ms)
			LoadAssemblies (92ms)
			RebuildTransferFunctionScriptingTraits (0ms)
			SetupTypeCache (133ms)
			ReleaseScriptCaches (0ms)
			RebuildScriptCaches (32ms)
			SetupLoadedEditorAssemblies (542ms)
				LogAssemblyErrors (0ms)
				InitializePlatformSupportModulesInManaged (312ms)
				SetLoadedEditorAssemblies (0ms)
				RefreshPlugins (91ms)
				BeforeProcessingInitializeOnLoad (2ms)
				ProcessInitializeOnLoadAttributes (92ms)
				ProcessInitializeOnLoadMethodAttributes (44ms)
				AfterProcessingInitializeOnLoad (0ms)
				EditorAssembliesLoaded (0ms)
			ExecutionOrderSort2 (0ms)
			AwakeInstancesAfterBackupRestoration (0ms)
Platform modules already initialized, skipping
Registering precompiled user dll's ...
Registered in 0.004274 seconds.
Begin MonoManager ReloadAssembly
Symbol file LoadedFromMemory doesn't match image E:\visual code\unity\testas 3d\Library\PackageCache\com.unity.visualscripting@1.8.0\Editor\VisualScripting.Core\Dependencies\YamlDotNet\Unity.VisualScripting.YamlDotNet.dll
Symbol file LoadedFromMemory doesn't match image E:\visual code\unity\testas 3d\Library\PackageCache\com.unity.visualscripting@1.8.0\Editor\VisualScripting.Core\Dependencies\DotNetZip\Unity.VisualScripting.IonicZip.dll
Native extension for WindowsStandalone target not found
Native extension for iOS target not found
Native extension for Android target not found
Native extension for WebGL target not found
Refreshing native plugins compatible for Editor in 0.69 ms, found 3 plugins.
Preloading 0 native plugins for Editor in 0.00 ms.
Mono: successfully reloaded assembly
- Completed reload, in  1.043 seconds
Domain Reload Profiling:
	ReloadAssembly (1044ms)
		BeginReloadAssembly (112ms)
			ExecutionOrderSort (0ms)
			DisableScriptedObjects (7ms)
			BackupInstance (0ms)
			ReleaseScriptingObjects (0ms)
			CreateAndSetChildDomain (19ms)
		EndReloadAssembly (810ms)
			LoadAssemblies (84ms)
			RebuildTransferFunctionScriptingTraits (0ms)
			SetupTypeCache (266ms)
			ReleaseScriptCaches (1ms)
			RebuildScriptCaches (51ms)
			SetupLoadedEditorAssemblies (352ms)
				LogAssemblyErrors (0ms)
				InitializePlatformSupportModulesInManaged (29ms)
				SetLoadedEditorAssemblies (0ms)
				RefreshPlugins (1ms)
				BeforeProcessingInitializeOnLoad (82ms)
				ProcessInitializeOnLoadAttributes (210ms)
				ProcessInitializeOnLoadMethodAttributes (19ms)
				AfterProcessingInitializeOnLoad (11ms)
				EditorAssembliesLoaded (0ms)
			ExecutionOrderSort2 (0ms)
			AwakeInstancesAfterBackupRestoration (5ms)
Platform modules already initialized, skipping
========================================================================
Worker process is ready to serve import requests
Launched and connected shader compiler UnityShaderCompiler.exe after 0.04 seconds
Refreshing native plugins compatible for Editor in 0.82 ms, found 3 plugins.
Preloading 0 native plugins for Editor in 0.00 ms.
Unloading 3050 Unused Serialized files (Serialized files now loaded: 0)
Unloading 24 unused Assets / (113.6 KB). Loaded Objects now: 3512.
Memory consumption went from 110.2 MB to 110.1 MB.
Total: 2.753600 ms (FindLiveObjects: 0.242100 ms CreateObjectMapping: 0.206300 ms MarkObjects: 2.196000 ms  DeleteObjects: 0.108300 ms)

AssetImportParameters requested are different than current active one (requested -> active):
  custom:video-decoder-ogg-theora: a1e56fd34408186e4bbccfd4996cb3dc -> 
  custom:container-muxer-webm: aa71ff27fc2769a1b78a27578f13a17b -> 
  custom:container-demuxer-webm: 4f35f7cbe854078d1ac9338744f61a02 -> 
  custom:video-encoder-webm-vp8: eb34c28f22e8b96e1ab97ce403110664 -> 
  custom:audio-encoder-webm-vorbis: bf7c407c2cedff20999df2af8eb42d56 -> 
  custom:framework-win-MediaFoundation: 216162199b28c13a410421893ffa2e32 -> 
  custom:container-demuxer-ogg: 62fdf1f143b41e24485cea50d1cbac27 -> 
  custom:video-decoder-webm-vp8: 9c59270c3fd7afecdb556c50c9e8de78 -> 
  custom:audio-decoder-ogg-vorbis: bf7c407c2cedff20999df2af8eb42d56 -> 
========================================================================
Received Import Request.
  Time since last request: 79882.868742 seconds.
  path: Assets/StarSparrow/Prefabs/BonusContent/PolygonSpaceship/StarSparrow_Core_LP_Red.prefab
  artifactKey: Guid(7e94bae2054e32b4e8b58927770cd38a) Importer(815301076,1909f56bfc062723c751e8b465ee728b)
Start importing Assets/StarSparrow/Prefabs/BonusContent/PolygonSpaceship/StarSparrow_Core_LP_Red.prefab using Guid(7e94bae2054e32b4e8b58927770cd38a) Importer(815301076,1909f56bfc062723c751e8b465ee728b)  -> (artifact id: 'c8ea9ce9b2a7a7c5fdc15967a3f0ac0f') in 0.195038 seconds 
========================================================================
Received Import Request.
  Time since last request: 29.256834 seconds.
  path: Assets/StarSparrow/Textures/StarSparrow_Cyan.png
  artifactKey: Guid(3928818884a3a9c41a8d469459870822) Importer(815301076,1909f56bfc062723c751e8b465ee728b)
Start importing Assets/StarSparrow/Textures/StarSparrow_Cyan.png using Guid(3928818884a3a9c41a8d469459870822) Importer(815301076,1909f56bfc062723c751e8b465ee728b)  -> (artifact id: '59f39dc8c27eba97ccddb6902582f49d') in 0.053388 seconds 
========================================================================
Received Import Request.
  Time since last request: 0.000022 seconds.
  path: Assets/StarSparrow/Textures/StarSparrow_Purple.png
  artifactKey: Guid(d1d3cc1b67fbc2146a520fd04ce86e3c) Importer(815301076,1909f56bfc062723c751e8b465ee728b)
Start importing Assets/StarSparrow/Textures/StarSparrow_Purple.png using Guid(d1d3cc1b67fbc2146a520fd04ce86e3c) Importer(815301076,1909f56bfc062723c751e8b465ee728b)  -> (artifact id: 'e79e06b452660c485e00f12f76e2d3d9') in 0.077290 seconds 
========================================================================
Received Import Request.
  Time since last request: 0.000023 seconds.
  path: Assets/StarSparrow/Textures/StarSparrow_White.png
  artifactKey: Guid(07e73c410e4389545a8cd3e12dee52b8) Importer(815301076,1909f56bfc062723c751e8b465ee728b)
Start importing Assets/StarSparrow/Textures/StarSparrow_White.png using Guid(07e73c410e4389545a8cd3e12dee52b8) Importer(815301076,1909f56bfc062723c751e8b465ee728b)  -> (artifact id: '209d1fc7156413565587a45811c0ec68') in 0.030422 seconds 
========================================================================
Received Import Request.
  Time since last request: 0.000021 seconds.
  path: Assets/StarSparrow/Textures/StarSparrow_Green.png
  artifactKey: Guid(834cc5d6ac8c31641a2235a9d4682f1b) Importer(815301076,1909f56bfc062723c751e8b465ee728b)
Start importing Assets/StarSparrow/Textures/StarSparrow_Green.png using Guid(834cc5d6ac8c31641a2235a9d4682f1b) Importer(815301076,1909f56bfc062723c751e8b465ee728b)  -> (artifact id: '608cfcb3306bd8f5dc54401dae791f85') in 0.032727 seconds 
========================================================================
Received Import Request.
  Time since last request: 2.250977 seconds.
  path: Assets/StarSparrow/Textures/Masks/StarSparrow_Mask3.png
  artifactKey: Guid(bb3b71277204e0048925dd90850a68a1) Importer(815301076,1909f56bfc062723c751e8b465ee728b)
Start importing Assets/StarSparrow/Textures/Masks/StarSparrow_Mask3.png using Guid(bb3b71277204e0048925dd90850a68a1) Importer(815301076,1909f56bfc062723c751e8b465ee728b)  -> (artifact id: '23f8e01ec0bde8d24afb7e4334d6b17d') in 0.042701 seconds 
========================================================================
Received Import Request.
  Time since last request: 0.001092 seconds.
  path: Assets/StarSparrow/Textures/Masks/StarSparrow_Mask5.png
  artifactKey: Guid(72edd4492c3f56e4981b037f3b6ffa89) Importer(815301076,1909f56bfc062723c751e8b465ee728b)
Start importing Assets/StarSparrow/Textures/Masks/StarSparrow_Mask5.png using Guid(72edd4492c3f56e4981b037f3b6ffa89) Importer(815301076,1909f56bfc062723c751e8b465ee728b)  -> (artifact id: '57a6de32ec96a82870e6136f6a8b6adf') in 0.021669 seconds 
========================================================================
Received Import Request.
  Time since last request: 15.455575 seconds.
  path: Assets/StarSparrow/Textures/BonusContent/Asteroids/AsteroidsLava_EmissionRed.png
  artifactKey: Guid(e313900dfc5e97e418383a91c126fe36) Importer(815301076,1909f56bfc062723c751e8b465ee728b)
Start importing Assets/StarSparrow/Textures/BonusContent/Asteroids/AsteroidsLava_EmissionRed.png using Guid(e313900dfc5e97e418383a91c126fe36) Importer(815301076,1909f56bfc062723c751e8b465ee728b)  -> (artifact id: 'dc159b6ad8aafbc7466249a526c08185') in 0.074315 seconds 
========================================================================
Received Import Request.
  Time since last request: 0.000022 seconds.
  path: Assets/StarSparrow/Textures/BonusContent/Asteroids/AsteroidsLava_Red.png
  artifactKey: Guid(5712fdd066d766b498459de6a869ba0e) Importer(815301076,1909f56bfc062723c751e8b465ee728b)
Start importing Assets/StarSparrow/Textures/BonusContent/Asteroids/AsteroidsLava_Red.png using Guid(5712fdd066d766b498459de6a869ba0e) Importer(815301076,1909f56bfc062723c751e8b465ee728b)  -> (artifact id: '2c3706705ac90e03cd136330dca1b0f0') in 0.065602 seconds 
========================================================================
Received Import Request.
  Time since last request: 3.345193 seconds.
  path: Assets/StarSparrow/Materials/StarSparrow_Grey.mat
  artifactKey: Guid(12dffc4c817ab7e4294a82570ef30b58) Importer(815301076,1909f56bfc062723c751e8b465ee728b)
Start importing Assets/StarSparrow/Materials/StarSparrow_Grey.mat using Guid(12dffc4c817ab7e4294a82570ef30b58) Importer(815301076,1909f56bfc062723c751e8b465ee728b)  -> (artifact id: 'a9cdca46154ebb3b433ee21d51d20c51') in 0.405095 seconds 
========================================================================
Received Import Request.
  Time since last request: 3.012520 seconds.
  path: Assets/StarSparrow/Materials/BonusContent/Bomb.mat
  artifactKey: Guid(2d81e0bd71e79784199dbdf6880a51e6) Importer(815301076,1909f56bfc062723c751e8b465ee728b)
Start importing Assets/StarSparrow/Materials/BonusContent/Bomb.mat using Guid(2d81e0bd71e79784199dbdf6880a51e6) Importer(815301076,1909f56bfc062723c751e8b465ee728b)  -> (artifact id: 'bdfcca28eaa1fbad31178a0b92bb3c0c') in 0.016858 seconds 
========================================================================
Received Import Request.
  Time since last request: 0.000018 seconds.
  path: Assets/StarSparrow/Materials/BonusContent/CloudsRed.mat
  artifactKey: Guid(191ced9846689714398ed909c5e9284a) Importer(815301076,1909f56bfc062723c751e8b465ee728b)
Start importing Assets/StarSparrow/Materials/BonusContent/CloudsRed.mat using Guid(191ced9846689714398ed909c5e9284a) Importer(815301076,1909f56bfc062723c751e8b465ee728b)  -> (artifact id: 'b6a667e5dc86d7785d71105ad8b150c8') in 0.222323 seconds 
========================================================================
Received Import Request.
  Time since last request: 3.923150 seconds.
  path: Assets/StarSparrow/Meshes/StarSparrow3.fbx
  artifactKey: Guid(b3f31988fa57e6448857f14a9607ca49) Importer(815301076,1909f56bfc062723c751e8b465ee728b)
Start importing Assets/StarSparrow/Meshes/StarSparrow3.fbx using Guid(b3f31988fa57e6448857f14a9607ca49) Importer(815301076,1909f56bfc062723c751e8b465ee728b)  -> (artifact id: '05658961efb739ee9dddd570c75eccce') in 0.194059 seconds 
========================================================================
Received Import Request.
  Time since last request: 0.000020 seconds.
  path: Assets/StarSparrow/Meshes/StarSparrow8.fbx
  artifactKey: Guid(15e01a88075383240a48bc4527c69658) Importer(815301076,1909f56bfc062723c751e8b465ee728b)
Start importing Assets/StarSparrow/Meshes/StarSparrow8.fbx using Guid(15e01a88075383240a48bc4527c69658) Importer(815301076,1909f56bfc062723c751e8b465ee728b)  -> (artifact id: 'b06fd5ce2dbbc4c7576b76f2a9006213') in 0.092183 seconds 
========================================================================
Received Import Request.
  Time since last request: 0.000028 seconds.
  path: Assets/StarSparrow/Meshes/StarSparrow18.fbx
  artifactKey: Guid(a9e1d66c337394b498df4fa2bc76d8d0) Importer(815301076,1909f56bfc062723c751e8b465ee728b)
Start importing Assets/StarSparrow/Meshes/StarSparrow18.fbx using Guid(a9e1d66c337394b498df4fa2bc76d8d0) Importer(815301076,1909f56bfc062723c751e8b465ee728b)  -> (artifact id: '93932f9b567a97d00a6c22c6d2d6c5e7') in 0.043371 seconds 
========================================================================
Received Import Request.
  Time since last request: 0.000024 seconds.
  path: Assets/StarSparrow/Meshes/StarSparrow7.fbx
  artifactKey: Guid(741053bc327354845884391aa7b7bc7e) Importer(815301076,1909f56bfc062723c751e8b465ee728b)
Start importing Assets/StarSparrow/Meshes/StarSparrow7.fbx using Guid(741053bc327354845884391aa7b7bc7e) Importer(815301076,1909f56bfc062723c751e8b465ee728b)  -> (artifact id: '6f0acf775957d1ae2f5f30823b35ddeb') in 0.046110 seconds 
========================================================================
Received Import Request.
  Time since last request: 0.000014 seconds.
  path: Assets/StarSparrow/Meshes/StarSparrow9.fbx
  artifactKey: Guid(c5854ef2d6dd2ab4ba6f56c2053676c0) Importer(815301076,1909f56bfc062723c751e8b465ee728b)
Start importing Assets/StarSparrow/Meshes/StarSparrow9.fbx using Guid(c5854ef2d6dd2ab4ba6f56c2053676c0) Importer(815301076,1909f56bfc062723c751e8b465ee728b)  -> (artifact id: 'd9dac812a13f3773abebc4bc077f3c95') in 0.038126 seconds 
========================================================================
Received Import Request.
  Time since last request: 0.000022 seconds.
  path: Assets/StarSparrow/Meshes/StarSparrow19.fbx
  artifactKey: Guid(0c96b086dbd8f5647806bfb7ee9b928a) Importer(815301076,1909f56bfc062723c751e8b465ee728b)
Start importing Assets/StarSparrow/Meshes/StarSparrow19.fbx using Guid(0c96b086dbd8f5647806bfb7ee9b928a) Importer(815301076,1909f56bfc062723c751e8b465ee728b)  -> (artifact id: '79cc92c54d8fe9f0892132e7d33a6cff') in 0.021223 seconds 
========================================================================
Received Import Request.
  Time since last request: 0.000052 seconds.
  path: Assets/StarSparrow/Meshes/StarSparrow14.fbx
  artifactKey: Guid(a1ea0ecc2fbc5d64aa2935307474ff0a) Importer(815301076,1909f56bfc062723c751e8b465ee728b)
Start importing Assets/StarSparrow/Meshes/StarSparrow14.fbx using Guid(a1ea0ecc2fbc5d64aa2935307474ff0a) Importer(815301076,1909f56bfc062723c751e8b465ee728b)  -> (artifact id: '6ea3a12c1b03014a604643f9bd8e36db') in 0.025965 seconds 
========================================================================
Received Import Request.
  Time since last request: 0.000034 seconds.
  path: Assets/StarSparrow/Meshes/StarSparrow6.fbx
  artifactKey: Guid(d84ec9911cfe0f142b57114817caaf7d) Importer(815301076,1909f56bfc062723c751e8b465ee728b)
Start importing Assets/StarSparrow/Meshes/StarSparrow6.fbx using Guid(d84ec9911cfe0f142b57114817caaf7d) Importer(815301076,1909f56bfc062723c751e8b465ee728b)  -> (artifact id: '56eb33b82edad62670a94f4e1918ed76') in 0.020667 seconds 
========================================================================
Received Import Request.
  Time since last request: 379.592603 seconds.
  path: Assets/StarSparrow/Prefabs/Modules/StarSparrow_Engine.prefab
  artifactKey: Guid(01b4c9caff0ad4d48ac8cb23e89e5224) Importer(815301076,1909f56bfc062723c751e8b465ee728b)
Start importing Assets/StarSparrow/Prefabs/Modules/StarSparrow_Engine.prefab using Guid(01b4c9caff0ad4d48ac8cb23e89e5224) Importer(815301076,1909f56bfc062723c751e8b465ee728b)  -> (artifact id: '731680d450bf10b10ad6b96e97d83b2e') in 0.130778 seconds 
========================================================================
Received Import Request.
  Time since last request: 0.000029 seconds.
  path: Assets/StarSparrow/Prefabs/Modules/StarSparrow_Plasma.prefab
  artifactKey: Guid(157f084336ed05c45947433542a2eba2) Importer(815301076,1909f56bfc062723c751e8b465ee728b)
Start importing Assets/StarSparrow/Prefabs/Modules/StarSparrow_Plasma.prefab using Guid(157f084336ed05c45947433542a2eba2) Importer(815301076,1909f56bfc062723c751e8b465ee728b)  -> (artifact id: 'e111833493c0b7004909fd625902b5a2') in 0.124979 seconds 
========================================================================
Received Import Request.
  Time since last request: 0.000056 seconds.
  path: Assets/StarSparrow/Prefabs/Modules/StarSparrow_Wing_2.prefab
  artifactKey: Guid(dde490f5ea9b7d94d9594ec8d6435f29) Importer(815301076,1909f56bfc062723c751e8b465ee728b)
Start importing Assets/StarSparrow/Prefabs/Modules/StarSparrow_Wing_2.prefab using Guid(dde490f5ea9b7d94d9594ec8d6435f29) Importer(815301076,1909f56bfc062723c751e8b465ee728b)  -> (artifact id: '02a4d1532885c7dd1a3f51b979cd5821') in 0.105374 seconds 
========================================================================
Received Import Request.
  Time since last request: 0.000033 seconds.
  path: Assets/StarSparrow/Prefabs/Modules/StarSparrow_Wing_2_Mirrored.prefab
  artifactKey: Guid(68009645f1254634c872da28df04bab8) Importer(815301076,1909f56bfc062723c751e8b465ee728b)
Start importing Assets/StarSparrow/Prefabs/Modules/StarSparrow_Wing_2_Mirrored.prefab using Guid(68009645f1254634c872da28df04bab8) Importer(815301076,1909f56bfc062723c751e8b465ee728b)  -> (artifact id: 'e7917893a44adb9e449cb54228946373') in 0.095600 seconds 
========================================================================
Received Import Request.
  Time since last request: 0.000036 seconds.
  path: Assets/StarSparrow/Prefabs/Modules/StarSparrow_Wing_3.prefab
  artifactKey: Guid(53643d8f33e9df94ba733d00e1c6d10c) Importer(815301076,1909f56bfc062723c751e8b465ee728b)
Start importing Assets/StarSparrow/Prefabs/Modules/StarSparrow_Wing_3.prefab using Guid(53643d8f33e9df94ba733d00e1c6d10c) Importer(815301076,1909f56bfc062723c751e8b465ee728b)  -> (artifact id: '39d41138faf6453d4223068f66279c92') in 0.097138 seconds 
========================================================================
Received Import Request.
  Time since last request: 2.759449 seconds.
  path: Assets/StarSparrow/Prefabs/Modular Examples/StarSparrow2.prefab
  artifactKey: Guid(9049f178339a1ec49b8d10542e9d6787) Importer(815301076,1909f56bfc062723c751e8b465ee728b)
Start importing Assets/StarSparrow/Prefabs/Modular Examples/StarSparrow2.prefab using Guid(9049f178339a1ec49b8d10542e9d6787) Importer(815301076,1909f56bfc062723c751e8b465ee728b)  -> (artifact id: '44beb7913e4d525631d62b916d4c17c3') in 0.112015 seconds 
========================================================================
Received Import Request.
  Time since last request: 0.000057 seconds.
  path: Assets/StarSparrow/Prefabs/Modular Examples/StarSparrow3.prefab
  artifactKey: Guid(dc92f6c59177d3b48834d869261d80b1) Importer(815301076,1909f56bfc062723c751e8b465ee728b)
Start importing Assets/StarSparrow/Prefabs/Modular Examples/StarSparrow3.prefab using Guid(dc92f6c59177d3b48834d869261d80b1) Importer(815301076,1909f56bfc062723c751e8b465ee728b)  -> (artifact id: 'ba9417b46ea5ef6b1ab31a17f44b6ef9') in 0.111827 seconds 
========================================================================
Received Import Request.
  Time since last request: 0.000049 seconds.
  path: Assets/StarSparrow/Prefabs/Modular Examples/StarSparrow7.prefab
  artifactKey: Guid(ad19842cc2550fc488240fe1efb03aeb) Importer(815301076,1909f56bfc062723c751e8b465ee728b)
Start importing Assets/StarSparrow/Prefabs/Modular Examples/StarSparrow7.prefab using Guid(ad19842cc2550fc488240fe1efb03aeb) Importer(815301076,1909f56bfc062723c751e8b465ee728b)  -> (artifact id: 'f62c41d92cfeff02d5cfbda08feb9ec2') in 0.111329 seconds 
========================================================================
Received Import Request.
  Time since last request: 0.000025 seconds.
  path: Assets/StarSparrow/Prefabs/Modular Examples/StarSparrow13.prefab
  artifactKey: Guid(aa5781bb5b506524782c6e082a5127e9) Importer(815301076,1909f56bfc062723c751e8b465ee728b)
Start importing Assets/StarSparrow/Prefabs/Modular Examples/StarSparrow13.prefab using Guid(aa5781bb5b506524782c6e082a5127e9) Importer(815301076,1909f56bfc062723c751e8b465ee728b)  -> (artifact id: 'f81c3c0d7a608bbba28bda000506bbaf') in 0.106007 seconds 
========================================================================
Received Import Request.
  Time since last request: 0.000046 seconds.
  path: Assets/StarSparrow/Prefabs/Modular Examples/StarSparrow19.prefab
  artifactKey: Guid(7690b2cb20a500246a3f2b3c6e42d9d0) Importer(815301076,1909f56bfc062723c751e8b465ee728b)
Start importing Assets/StarSparrow/Prefabs/Modular Examples/StarSparrow19.prefab using Guid(7690b2cb20a500246a3f2b3c6e42d9d0) Importer(815301076,1909f56bfc062723c751e8b465ee728b)  -> (artifact id: 'ab65da456d39d0c57fc303a6a6c138d7') in 0.177068 seconds 
========================================================================
Received Import Request.
  Time since last request: 0.000089 seconds.
  path: Assets/StarSparrow/Prefabs/Modular Examples/StarSparrow5.prefab
  artifactKey: Guid(ec6c320a41b48f448b4f67e0c941f00d) Importer(815301076,1909f56bfc062723c751e8b465ee728b)
Start importing Assets/StarSparrow/Prefabs/Modular Examples/StarSparrow5.prefab using Guid(ec6c320a41b48f448b4f67e0c941f00d) Importer(815301076,1909f56bfc062723c751e8b465ee728b)  -> (artifact id: '223459afc62a956038dd67c13270e899') in 0.129830 seconds 
========================================================================
Received Import Request.
  Time since last request: 0.000048 seconds.
  path: Assets/StarSparrow/Prefabs/Modular Examples/StarSparrow16.prefab
  artifactKey: Guid(a303e95807e2616408f6c4cff0fd3208) Importer(815301076,1909f56bfc062723c751e8b465ee728b)
Start importing Assets/StarSparrow/Prefabs/Modular Examples/StarSparrow16.prefab using Guid(a303e95807e2616408f6c4cff0fd3208) Importer(815301076,1909f56bfc062723c751e8b465ee728b)  -> (artifact id: 'daccb6e05374ca856b9eb3e477bd4090') in 0.114608 seconds 
========================================================================
Received Import Request.
  Time since last request: 0.000059 seconds.
  path: Assets/StarSparrow/Prefabs/Modular Examples/StarSparrow15.prefab
  artifactKey: Guid(89b65df352ec1024c8339534097b1170) Importer(815301076,1909f56bfc062723c751e8b465ee728b)
Start importing Assets/StarSparrow/Prefabs/Modular Examples/StarSparrow15.prefab using Guid(89b65df352ec1024c8339534097b1170) Importer(815301076,1909f56bfc062723c751e8b465ee728b)  -> (artifact id: '769165eee4439ecff25eba7c37127878') in 0.126898 seconds 
========================================================================
Received Import Request.
  Time since last request: 0.000072 seconds.
  path: Assets/StarSparrow/Prefabs/Modular Examples/StarSparrow14.prefab
  artifactKey: Guid(632e35db17045744396cd464cbd1498f) Importer(815301076,1909f56bfc062723c751e8b465ee728b)
Start importing Assets/StarSparrow/Prefabs/Modular Examples/StarSparrow14.prefab using Guid(632e35db17045744396cd464cbd1498f) Importer(815301076,1909f56bfc062723c751e8b465ee728b)  -> (artifact id: '34c6490cbedb768420527ef6de909a01') in 0.130336 seconds 
========================================================================
Received Import Request.
  Time since last request: 12.412023 seconds.
  path: Assets/kenney_space-kit/Side/astronautB.png
  artifactKey: Guid(438b5f0e45a796046a56b3d3d2e1778f) Importer(815301076,1909f56bfc062723c751e8b465ee728b)
Start importing Assets/kenney_space-kit/Side/astronautB.png using Guid(438b5f0e45a796046a56b3d3d2e1778f) Importer(815301076,1909f56bfc062723c751e8b465ee728b)  -> (artifact id: 'e4d082c9d7c36dd2af6d963c899962ff') in 0.020734 seconds 
========================================================================
Received Import Request.
  Time since last request: 0.000022 seconds.
  path: Assets/kenney_space-kit/Side/corridor_windowClosed.png
  artifactKey: Guid(add04de377c91354ab86f9bf5d425e14) Importer(815301076,1909f56bfc062723c751e8b465ee728b)
Start importing Assets/kenney_space-kit/Side/corridor_windowClosed.png using Guid(add04de377c91354ab86f9bf5d425e14) Importer(815301076,1909f56bfc062723c751e8b465ee728b)  -> (artifact id: '37f9796bb31b53d7af539447c8c85568') in 0.037036 seconds 
========================================================================
Received Import Request.
  Time since last request: 0.000021 seconds.
  path: Assets/kenney_space-kit/Side/monorail_trainFlat.png
  artifactKey: Guid(35482be7bf347b04fbac16f6febdd6e8) Importer(815301076,1909f56bfc062723c751e8b465ee728b)
Start importing Assets/kenney_space-kit/Side/monorail_trainFlat.png using Guid(35482be7bf347b04fbac16f6febdd6e8) Importer(815301076,1909f56bfc062723c751e8b465ee728b)  -> (artifact id: 'a0270c294790c3f8c79a5bafe68a8a52') in 0.037205 seconds 
========================================================================
Received Import Request.
  Time since last request: 0.000022 seconds.
  path: Assets/kenney_space-kit/Side/desk_chair.png
  artifactKey: Guid(f55a91c4e3bde6d49b9f7914bcb9a24b) Importer(815301076,1909f56bfc062723c751e8b465ee728b)
Start importing Assets/kenney_space-kit/Side/desk_chair.png using Guid(f55a91c4e3bde6d49b9f7914bcb9a24b) Importer(815301076,1909f56bfc062723c751e8b465ee728b)  -> (artifact id: 'df87a2a7af3edad68b1871952ed1fbc7') in 0.020904 seconds 
========================================================================
Received Import Request.
  Time since last request: 0.000043 seconds.
  path: Assets/kenney_space-kit/Side/monorail_trainPassenger.png
  artifactKey: Guid(5102db2953a245142860a64f0354811c) Importer(815301076,1909f56bfc062723c751e8b465ee728b)
Start importing Assets/kenney_space-kit/Side/monorail_trainPassenger.png using Guid(5102db2953a245142860a64f0354811c) Importer(815301076,1909f56bfc062723c751e8b465ee728b)  -> (artifact id: '3265772ee59bc7962d4711e586f315b4') in 0.031264 seconds 
========================================================================
Received Import Request.
  Time since last request: 0.000024 seconds.
  path: Assets/kenney_space-kit/Side/crater.png
  artifactKey: Guid(22f9c2093f586d742890e3fdea6eea8a) Importer(815301076,1909f56bfc062723c751e8b465ee728b)
Start importing Assets/kenney_space-kit/Side/crater.png using Guid(22f9c2093f586d742890e3fdea6eea8a) Importer(815301076,1909f56bfc062723c751e8b465ee728b)  -> (artifact id: '66c617ca0727f078f5120844bf47b6b7') in 0.016174 seconds 
========================================================================
Received Import Request.
  Time since last request: 0.000023 seconds.
  path: Assets/kenney_space-kit/Side/monorail_trainCargo.png
  artifactKey: Guid(d6feee0ccacd4914e8ce7f1149a7bc65) Importer(815301076,1909f56bfc062723c751e8b465ee728b)
Start importing Assets/kenney_space-kit/Side/monorail_trainCargo.png using Guid(d6feee0ccacd4914e8ce7f1149a7bc65) Importer(815301076,1909f56bfc062723c751e8b465ee728b)  -> (artifact id: 'be3249db11f71770f851a122be24629f') in 0.012824 seconds 
========================================================================
Received Import Request.
  Time since last request: 0.000022 seconds.
  path: Assets/kenney_space-kit/Side/monorail_trainFront.png
  artifactKey: Guid(2aba6c061d0f4b2419293cb357e81862) Importer(815301076,1909f56bfc062723c751e8b465ee728b)
Start importing Assets/kenney_space-kit/Side/monorail_trainFront.png using Guid(2aba6c061d0f4b2419293cb357e81862) Importer(815301076,1909f56bfc062723c751e8b465ee728b)  -> (artifact id: '19759a1b6c1757d0006f13aee0d1232c') in 0.015951 seconds 
========================================================================
Received Import Request.
  Time since last request: 0.000038 seconds.
  path: Assets/kenney_space-kit/Side/pipe_rampLarge.png
  artifactKey: Guid(49940826e0adddd46aa6189d199391de) Importer(815301076,1909f56bfc062723c751e8b465ee728b)
Start importing Assets/kenney_space-kit/Side/pipe_rampLarge.png using Guid(49940826e0adddd46aa6189d199391de) Importer(815301076,1909f56bfc062723c751e8b465ee728b)  -> (artifact id: '910c9be37090d036bfe3f054a361f5cc') in 0.018764 seconds 
========================================================================
Received Import Request.
  Time since last request: 0.000025 seconds.
  path: Assets/kenney_space-kit/Side/meteor_detailed.png
  artifactKey: Guid(5de873c12caae8843a80c4f9e879be87) Importer(815301076,1909f56bfc062723c751e8b465ee728b)
Start importing Assets/kenney_space-kit/Side/meteor_detailed.png using Guid(5de873c12caae8843a80c4f9e879be87) Importer(815301076,1909f56bfc062723c751e8b465ee728b)  -> (artifact id: 'f724a6882f18aaf017c7dda7027f3b4b') in 0.016593 seconds 
========================================================================
Received Import Request.
  Time since last request: 0.000024 seconds.
  path: Assets/kenney_space-kit/Side/machine_wireless.png
  artifactKey: Guid(4cf1de06397c6f746890a6150e04963e) Importer(815301076,1909f56bfc062723c751e8b465ee728b)
Start importing Assets/kenney_space-kit/Side/machine_wireless.png using Guid(4cf1de06397c6f746890a6150e04963e) Importer(815301076,1909f56bfc062723c751e8b465ee728b)  -> (artifact id: '7a7d7c5f370dee8f9dabf1dbe342027a') in 0.014971 seconds 
========================================================================
Received Import Request.
  Time since last request: 0.000019 seconds.
  path: Assets/kenney_space-kit/Side/corridor_cornerRound.png
  artifactKey: Guid(27d5113fba4fae74a9a64aa714938614) Importer(815301076,1909f56bfc062723c751e8b465ee728b)
Start importing Assets/kenney_space-kit/Side/corridor_cornerRound.png using Guid(27d5113fba4fae74a9a64aa714938614) Importer(815301076,1909f56bfc062723c751e8b465ee728b)  -> (artifact id: 'e6a5253c0532b99563249cf73c79bf94') in 0.019016 seconds 
========================================================================
Received Import Request.
  Time since last request: 0.000025 seconds.
  path: Assets/kenney_space-kit/Side/hangar_largeA.png
  artifactKey: Guid(c8bf95ca4b628814b8a354046240a7c6) Importer(815301076,1909f56bfc062723c751e8b465ee728b)
Start importing Assets/kenney_space-kit/Side/hangar_largeA.png using Guid(c8bf95ca4b628814b8a354046240a7c6) Importer(815301076,1909f56bfc062723c751e8b465ee728b)  -> (artifact id: '95c61b8533b52932ce2cab4adff43fb2') in 0.015027 seconds 
========================================================================
Received Import Request.
  Time since last request: 0.000036 seconds.
  path: Assets/kenney_space-kit/Side/corridor_cross.png
  artifactKey: Guid(e1147eb40f41de744a2e29df82a6142e) Importer(815301076,1909f56bfc062723c751e8b465ee728b)
Start importing Assets/kenney_space-kit/Side/corridor_cross.png using Guid(e1147eb40f41de744a2e29df82a6142e) Importer(815301076,1909f56bfc062723c751e8b465ee728b)  -> (artifact id: 'b0625c9daf7e0fd96216c973512dd50c') in 0.017358 seconds 
========================================================================
Received Import Request.
  Time since last request: 0.000034 seconds.
  path: Assets/kenney_space-kit/Side/pipe_open.png
  artifactKey: Guid(916b656c5d4e991489909a204f80b143) Importer(815301076,1909f56bfc062723c751e8b465ee728b)
Start importing Assets/kenney_space-kit/Side/pipe_open.png using Guid(916b656c5d4e991489909a204f80b143) Importer(815301076,1909f56bfc062723c751e8b465ee728b)  -> (artifact id: 'a482c9974f4d5287e03f363b77e7805c') in 0.013289 seconds 
========================================================================
Received Import Request.
  Time since last request: 0.000016 seconds.
  path: Assets/kenney_space-kit/Side/craft_racer.png
  artifactKey: Guid(58e3d4ca04e48ca4b80bb8e5164b3160) Importer(815301076,1909f56bfc062723c751e8b465ee728b)
Start importing Assets/kenney_space-kit/Side/craft_racer.png using Guid(58e3d4ca04e48ca4b80bb8e5164b3160) Importer(815301076,1909f56bfc062723c751e8b465ee728b)  -> (artifact id: 'b54dfdaa4bb7df4d9291837396e51599') in 0.014313 seconds 
========================================================================
Received Import Request.
  Time since last request: 0.000032 seconds.
  path: Assets/kenney_space-kit/Side/machine_generatorLarge.png
  artifactKey: Guid(cead6e112a934614ab066c43f17cd281) Importer(815301076,1909f56bfc062723c751e8b465ee728b)
Start importing Assets/kenney_space-kit/Side/machine_generatorLarge.png using Guid(cead6e112a934614ab066c43f17cd281) Importer(815301076,1909f56bfc062723c751e8b465ee728b)  -> (artifact id: '2c90a6f777844f77030ec7d1b7bfe343') in 0.014844 seconds 
========================================================================
Received Import Request.
  Time since last request: 0.000033 seconds.
  path: Assets/kenney_space-kit/Side/craft_cargoA.png
  artifactKey: Guid(c02246bf57cca96409e5dd6afdaf8d73) Importer(815301076,1909f56bfc062723c751e8b465ee728b)
Start importing Assets/kenney_space-kit/Side/craft_cargoA.png using Guid(c02246bf57cca96409e5dd6afdaf8d73) Importer(815301076,1909f56bfc062723c751e8b465ee728b)  -> (artifact id: '76553f61d51b2cbf881567c04a5769b6') in 0.014359 seconds 
========================================================================
Received Import Request.
  Time since last request: 0.000028 seconds.
  path: Assets/kenney_space-kit/Side/meteor.png
  artifactKey: Guid(cb431abde5f52b04eb9a1e92d37cc887) Importer(815301076,1909f56bfc062723c751e8b465ee728b)
Start importing Assets/kenney_space-kit/Side/meteor.png using Guid(cb431abde5f52b04eb9a1e92d37cc887) Importer(815301076,1909f56bfc062723c751e8b465ee728b)  -> (artifact id: 'bc7bee5f204e1c9ef3c5ccf772d42cb2') in 0.015655 seconds 
========================================================================
Received Import Request.
  Time since last request: 0.000039 seconds.
  path: Assets/kenney_space-kit/Side/machine_barrelLarge.png
  artifactKey: Guid(f097c7b4f05ceef42a1a60c2d7e07115) Importer(815301076,1909f56bfc062723c751e8b465ee728b)
Start importing Assets/kenney_space-kit/Side/machine_barrelLarge.png using Guid(f097c7b4f05ceef42a1a60c2d7e07115) Importer(815301076,1909f56bfc062723c751e8b465ee728b)  -> (artifact id: 'ca56fce60a8fba346aadf2dcbac20baf') in 0.017085 seconds 
========================================================================
Received Import Request.
  Time since last request: 0.000020 seconds.
  path: Assets/kenney_space-kit/Side/barrels_rail.png
  artifactKey: Guid(9c40fe694a073e945a26f74b09499f64) Importer(815301076,1909f56bfc062723c751e8b465ee728b)
Start importing Assets/kenney_space-kit/Side/barrels_rail.png using Guid(9c40fe694a073e945a26f74b09499f64) Importer(815301076,1909f56bfc062723c751e8b465ee728b)  -> (artifact id: 'b08e88eb2529ac42f6dd00e2161b3f02') in 0.017476 seconds 
========================================================================
Received Import Request.
  Time since last request: 0.000031 seconds.
  path: Assets/kenney_space-kit/Side/pipe_cornerRound.png
  artifactKey: Guid(4afb6abe99d0e9b40abd2f69aa878102) Importer(815301076,1909f56bfc062723c751e8b465ee728b)
Start importing Assets/kenney_space-kit/Side/pipe_cornerRound.png using Guid(4afb6abe99d0e9b40abd2f69aa878102) Importer(815301076,1909f56bfc062723c751e8b465ee728b)  -> (artifact id: '85630dec18243e974f9ac3efa9d957d3') in 0.013769 seconds 
========================================================================
Received Import Request.
  Time since last request: 0.000036 seconds.
  path: Assets/kenney_space-kit/Side/machine_generator.png
  artifactKey: Guid(a0314728030a92444b21559d9a523aca) Importer(815301076,1909f56bfc062723c751e8b465ee728b)
Start importing Assets/kenney_space-kit/Side/machine_generator.png using Guid(a0314728030a92444b21559d9a523aca) Importer(815301076,1909f56bfc062723c751e8b465ee728b)  -> (artifact id: '0cc8edcd3cc91d2be74f2c19b6069b6e') in 0.014800 seconds 
========================================================================
Received Import Request.
  Time since last request: 0.000030 seconds.
  path: Assets/kenney_space-kit/Side/monorail_trackSlope.png
  artifactKey: Guid(57f52774822975d439c8c900e4be3602) Importer(815301076,1909f56bfc062723c751e8b465ee728b)
Start importing Assets/kenney_space-kit/Side/monorail_trackSlope.png using Guid(57f52774822975d439c8c900e4be3602) Importer(815301076,1909f56bfc062723c751e8b465ee728b)  -> (artifact id: '2673a1420c066efa550276f4f606a9f3') in 0.014587 seconds 
========================================================================
Received Import Request.
  Time since last request: 0.000038 seconds.
  path: Assets/kenney_space-kit/Side/corridor.png
  artifactKey: Guid(49275e4cff96e3e4191c2b5ba7bbc5dd) Importer(815301076,1909f56bfc062723c751e8b465ee728b)
Start importing Assets/kenney_space-kit/Side/corridor.png using Guid(49275e4cff96e3e4191c2b5ba7bbc5dd) Importer(815301076,1909f56bfc062723c751e8b465ee728b)  -> (artifact id: '65fb10abc5c1444eebe00d46d16ed757') in 0.016303 seconds 
========================================================================
Received Import Request.
  Time since last request: 0.000036 seconds.
  path: Assets/kenney_space-kit/Side/corridor_end.png
  artifactKey: Guid(4bc8153e59e98af4ab528c7959a99d4b) Importer(815301076,1909f56bfc062723c751e8b465ee728b)
Start importing Assets/kenney_space-kit/Side/corridor_end.png using Guid(4bc8153e59e98af4ab528c7959a99d4b) Importer(815301076,1909f56bfc062723c751e8b465ee728b)  -> (artifact id: '54536949b25ed37388d2fac0e79a0e54') in 0.013643 seconds 
========================================================================
Received Import Request.
  Time since last request: 0.000029 seconds.
  path: Assets/kenney_space-kit/Side/monorail_trackSupportCorner.png
  artifactKey: Guid(cfef02f9a7ef571408f158be7e37d07a) Importer(815301076,1909f56bfc062723c751e8b465ee728b)
Start importing Assets/kenney_space-kit/Side/monorail_trackSupportCorner.png using Guid(cfef02f9a7ef571408f158be7e37d07a) Importer(815301076,1909f56bfc062723c751e8b465ee728b)  -> (artifact id: '925b9f67e924b095e987febafad541eb') in 0.016174 seconds 
========================================================================
Received Prepare
Registering precompiled user dll's ...
Registered in 0.004026 seconds.
Begin MonoManager ReloadAssembly
Symbol file LoadedFromMemory doesn't match image E:\visual code\unity\testas 3d\Library\PackageCache\com.unity.visualscripting@1.8.0\Editor\VisualScripting.Core\Dependencies\YamlDotNet\Unity.VisualScripting.YamlDotNet.dll
Symbol file LoadedFromMemory doesn't match image E:\visual code\unity\testas 3d\Library\PackageCache\com.unity.visualscripting@1.8.0\Editor\VisualScripting.Core\Dependencies\DotNetZip\Unity.VisualScripting.IonicZip.dll
Native extension for WindowsStandalone target not found
Native extension for iOS target not found
Native extension for Android target not found
Native extension for WebGL target not found
Refreshing native plugins compatible for Editor in 0.75 ms, found 3 plugins.
Preloading 0 native plugins for Editor in 0.00 ms.
Mono: successfully reloaded assembly
- Completed reload, in  1.121 seconds
Domain Reload Profiling:
	ReloadAssembly (1122ms)
		BeginReloadAssembly (146ms)
			ExecutionOrderSort (0ms)
			DisableScriptedObjects (5ms)
			BackupInstance (0ms)
			ReleaseScriptingObjects (0ms)
			CreateAndSetChildDomain (38ms)
		EndReloadAssembly (865ms)
			LoadAssemblies (99ms)
			RebuildTransferFunctionScriptingTraits (0ms)
			SetupTypeCache (314ms)
			ReleaseScriptCaches (1ms)
			RebuildScriptCaches (56ms)
			SetupLoadedEditorAssemblies (331ms)
				LogAssemblyErrors (0ms)
				InitializePlatformSupportModulesInManaged (43ms)
				SetLoadedEditorAssemblies (0ms)
				RefreshPlugins (1ms)
				BeforeProcessingInitializeOnLoad (67ms)
				ProcessInitializeOnLoadAttributes (188ms)
				ProcessInitializeOnLoadMethodAttributes (18ms)
				AfterProcessingInitializeOnLoad (12ms)
				EditorAssembliesLoaded (0ms)
			ExecutionOrderSort2 (0ms)
			AwakeInstancesAfterBackupRestoration (6ms)
Platform modules already initialized, skipping
Refreshing native plugins compatible for Editor in 1.78 ms, found 3 plugins.
Preloading 0 native plugins for Editor in 0.00 ms.
Unloading 3046 Unused Serialized files (Serialized files now loaded: 0)
Unloading 17 unused Assets / (79.7 KB). Loaded Objects now: 3571.
Memory consumption went from 114.7 MB to 114.7 MB.
Total: 3.571400 ms (FindLiveObjects: 0.267600 ms CreateObjectMapping: 0.155300 ms MarkObjects: 3.052700 ms  DeleteObjects: 0.094800 ms)

AssetImportParameters requested are different than current active one (requested -> active):
  custom:video-decoder-ogg-theora: a1e56fd34408186e4bbccfd4996cb3dc -> 
  custom:container-muxer-webm: aa71ff27fc2769a1b78a27578f13a17b -> 
  custom:container-demuxer-webm: 4f35f7cbe854078d1ac9338744f61a02 -> 
  custom:video-encoder-webm-vp8: eb34c28f22e8b96e1ab97ce403110664 -> 
  custom:audio-encoder-webm-vorbis: bf7c407c2cedff20999df2af8eb42d56 -> 
  custom:framework-win-MediaFoundation: 216162199b28c13a410421893ffa2e32 -> 
  custom:container-demuxer-ogg: 62fdf1f143b41e24485cea50d1cbac27 -> 
  custom:video-decoder-webm-vp8: 9c59270c3fd7afecdb556c50c9e8de78 -> 
  custom:audio-decoder-ogg-vorbis: bf7c407c2cedff20999df2af8eb42d56 -> 
========================================================================
Received Prepare
Registering precompiled user dll's ...
Registered in 0.004627 seconds.
Begin MonoManager ReloadAssembly
Symbol file LoadedFromMemory doesn't match image E:\visual code\unity\testas 3d\Library\PackageCache\com.unity.visualscripting@1.8.0\Editor\VisualScripting.Core\Dependencies\YamlDotNet\Unity.VisualScripting.YamlDotNet.dll
Symbol file LoadedFromMemory doesn't match image E:\visual code\unity\testas 3d\Library\PackageCache\com.unity.visualscripting@1.8.0\Editor\VisualScripting.Core\Dependencies\DotNetZip\Unity.VisualScripting.IonicZip.dll
Native extension for WindowsStandalone target not found
Native extension for iOS target not found
Native extension for Android target not found
Native extension for WebGL target not found
Refreshing native plugins compatible for Editor in 0.79 ms, found 3 plugins.
Preloading 0 native plugins for Editor in 0.00 ms.
Mono: successfully reloaded assembly
- Completed reload, in  1.155 seconds
Domain Reload Profiling:
	ReloadAssembly (1156ms)
		BeginReloadAssembly (166ms)
			ExecutionOrderSort (0ms)
			DisableScriptedObjects (8ms)
			BackupInstance (0ms)
			ReleaseScriptingObjects (0ms)
			CreateAndSetChildDomain (45ms)
		EndReloadAssembly (880ms)
			LoadAssemblies (102ms)
			RebuildTransferFunctionScriptingTraits (0ms)
			SetupTypeCache (329ms)
			ReleaseScriptCaches (1ms)
			RebuildScriptCaches (45ms)
			SetupLoadedEditorAssemblies (347ms)
				LogAssemblyErrors (0ms)
				InitializePlatformSupportModulesInManaged (35ms)
				SetLoadedEditorAssemblies (0ms)
				RefreshPlugins (1ms)
				BeforeProcessingInitializeOnLoad (64ms)
				ProcessInitializeOnLoadAttributes (213ms)
				ProcessInitializeOnLoadMethodAttributes (25ms)
				AfterProcessingInitializeOnLoad (10ms)
				EditorAssembliesLoaded (0ms)
			ExecutionOrderSort2 (0ms)
			AwakeInstancesAfterBackupRestoration (6ms)
Platform modules already initialized, skipping
Refreshing native plugins compatible for Editor in 1.59 ms, found 3 plugins.
Preloading 0 native plugins for Editor in 0.00 ms.
Unloading 3047 Unused Serialized files (Serialized files now loaded: 0)
Unloading 17 unused Assets / (79.9 KB). Loaded Objects now: 3575.
Memory consumption went from 114.8 MB to 114.7 MB.
Total: 3.483800 ms (FindLiveObjects: 0.226400 ms CreateObjectMapping: 0.147800 ms MarkObjects: 3.030900 ms  DeleteObjects: 0.077600 ms)

AssetImportParameters requested are different than current active one (requested -> active):
  custom:video-decoder-ogg-theora: a1e56fd34408186e4bbccfd4996cb3dc -> 
  custom:container-muxer-webm: aa71ff27fc2769a1b78a27578f13a17b -> 
  custom:container-demuxer-webm: 4f35f7cbe854078d1ac9338744f61a02 -> 
  custom:video-encoder-webm-vp8: eb34c28f22e8b96e1ab97ce403110664 -> 
  custom:audio-encoder-webm-vorbis: bf7c407c2cedff20999df2af8eb42d56 -> 
  custom:framework-win-MediaFoundation: 216162199b28c13a410421893ffa2e32 -> 
  custom:container-demuxer-ogg: 62fdf1f143b41e24485cea50d1cbac27 -> 
  custom:video-decoder-webm-vp8: 9c59270c3fd7afecdb556c50c9e8de78 -> 
  custom:audio-decoder-ogg-vorbis: bf7c407c2cedff20999df2af8eb42d56 -> 
========================================================================
Received Prepare
Registering precompiled user dll's ...
Registered in 0.006086 seconds.
Begin MonoManager ReloadAssembly
Symbol file LoadedFromMemory doesn't match image E:\visual code\unity\testas 3d\Library\PackageCache\com.unity.visualscripting@1.8.0\Editor\VisualScripting.Core\Dependencies\YamlDotNet\Unity.VisualScripting.YamlDotNet.dll
Symbol file LoadedFromMemory doesn't match image E:\visual code\unity\testas 3d\Library\PackageCache\com.unity.visualscripting@1.8.0\Editor\VisualScripting.Core\Dependencies\DotNetZip\Unity.VisualScripting.IonicZip.dll
Native extension for WindowsStandalone target not found
Native extension for iOS target not found
Native extension for Android target not found
Native extension for WebGL target not found
Refreshing native plugins compatible for Editor in 0.65 ms, found 3 plugins.
Preloading 0 native plugins for Editor in 0.00 ms.
Mono: successfully reloaded assembly
- Completed reload, in  1.147 seconds
Domain Reload Profiling:
	ReloadAssembly (1148ms)
		BeginReloadAssembly (159ms)
			ExecutionOrderSort (0ms)
			DisableScriptedObjects (7ms)
			BackupInstance (0ms)
			ReleaseScriptingObjects (0ms)
			CreateAndSetChildDomain (39ms)
		EndReloadAssembly (875ms)
			LoadAssemblies (111ms)
			RebuildTransferFunctionScriptingTraits (0ms)
			SetupTypeCache (327ms)
			ReleaseScriptCaches (2ms)
			RebuildScriptCaches (43ms)
			SetupLoadedEditorAssemblies (334ms)
				LogAssemblyErrors (0ms)
				InitializePlatformSupportModulesInManaged (36ms)
				SetLoadedEditorAssemblies (0ms)
				RefreshPlugins (1ms)
				BeforeProcessingInitializeOnLoad (72ms)
				ProcessInitializeOnLoadAttributes (196ms)
				ProcessInitializeOnLoadMethodAttributes (18ms)
				AfterProcessingInitializeOnLoad (11ms)
				EditorAssembliesLoaded (0ms)
			ExecutionOrderSort2 (0ms)
			AwakeInstancesAfterBackupRestoration (5ms)
Platform modules already initialized, skipping
Refreshing native plugins compatible for Editor in 1.57 ms, found 3 plugins.
Preloading 0 native plugins for Editor in 0.00 ms.
Unloading 3046 Unused Serialized files (Serialized files now loaded: 0)
Unloading 18 unused Assets / (79.8 KB). Loaded Objects now: 3577.
Memory consumption went from 114.8 MB to 114.7 MB.
Total: 2.888400 ms (FindLiveObjects: 0.232500 ms CreateObjectMapping: 0.129100 ms MarkObjects: 2.453800 ms  DeleteObjects: 0.072200 ms)

AssetImportParameters requested are different than current active one (requested -> active):
  custom:video-decoder-ogg-theora: a1e56fd34408186e4bbccfd4996cb3dc -> 
  custom:container-muxer-webm: aa71ff27fc2769a1b78a27578f13a17b -> 
  custom:container-demuxer-webm: 4f35f7cbe854078d1ac9338744f61a02 -> 
  custom:video-encoder-webm-vp8: eb34c28f22e8b96e1ab97ce403110664 -> 
  custom:audio-encoder-webm-vorbis: bf7c407c2cedff20999df2af8eb42d56 -> 
  custom:framework-win-MediaFoundation: 216162199b28c13a410421893ffa2e32 -> 
  custom:container-demuxer-ogg: 62fdf1f143b41e24485cea50d1cbac27 -> 
  custom:video-decoder-webm-vp8: 9c59270c3fd7afecdb556c50c9e8de78 -> 
  custom:audio-decoder-ogg-vorbis: bf7c407c2cedff20999df2af8eb42d56 -> 
========================================================================
Received Prepare
Registering precompiled user dll's ...
Registered in 0.004255 seconds.
Begin MonoManager ReloadAssembly
Symbol file LoadedFromMemory doesn't match image E:\visual code\unity\testas 3d\Library\PackageCache\com.unity.visualscripting@1.8.0\Editor\VisualScripting.Core\Dependencies\YamlDotNet\Unity.VisualScripting.YamlDotNet.dll
Symbol file LoadedFromMemory doesn't match image E:\visual code\unity\testas 3d\Library\PackageCache\com.unity.visualscripting@1.8.0\Editor\VisualScripting.Core\Dependencies\DotNetZip\Unity.VisualScripting.IonicZip.dll
Native extension for WindowsStandalone target not found
Native extension for iOS target not found
Native extension for Android target not found
Native extension for WebGL target not found
Refreshing native plugins compatible for Editor in 0.85 ms, found 3 plugins.
Preloading 0 native plugins for Editor in 0.00 ms.
Mono: successfully reloaded assembly
- Completed reload, in  1.091 seconds
Domain Reload Profiling:
	ReloadAssembly (1092ms)
		BeginReloadAssembly (145ms)
			ExecutionOrderSort (0ms)
			DisableScriptedObjects (6ms)
			BackupInstance (0ms)
			ReleaseScriptingObjects (0ms)
			CreateAndSetChildDomain (35ms)
		EndReloadAssembly (841ms)
			LoadAssemblies (105ms)
			RebuildTransferFunctionScriptingTraits (0ms)
			SetupTypeCache (301ms)
			ReleaseScriptCaches (2ms)
			RebuildScriptCaches (51ms)
			SetupLoadedEditorAssemblies (330ms)
				LogAssemblyErrors (0ms)
				InitializePlatformSupportModulesInManaged (36ms)
				SetLoadedEditorAssemblies (0ms)
				RefreshPlugins (1ms)
				BeforeProcessingInitializeOnLoad (70ms)
				ProcessInitializeOnLoadAttributes (191ms)
				ProcessInitializeOnLoadMethodAttributes (21ms)
				AfterProcessingInitializeOnLoad (10ms)
				EditorAssembliesLoaded (0ms)
			ExecutionOrderSort2 (0ms)
			AwakeInstancesAfterBackupRestoration (5ms)
Platform modules already initialized, skipping
Refreshing native plugins compatible for Editor in 1.64 ms, found 3 plugins.
Preloading 0 native plugins for Editor in 0.00 ms.
Unloading 3047 Unused Serialized files (Serialized files now loaded: 0)
Unloading 17 unused Assets / (80.0 KB). Loaded Objects now: 3581.
Memory consumption went from 114.8 MB to 114.7 MB.
Total: 2.494800 ms (FindLiveObjects: 0.227800 ms CreateObjectMapping: 0.127900 ms MarkObjects: 2.063100 ms  DeleteObjects: 0.075200 ms)

AssetImportParameters requested are different than current active one (requested -> active):
  custom:video-decoder-ogg-theora: a1e56fd34408186e4bbccfd4996cb3dc -> 
  custom:container-muxer-webm: aa71ff27fc2769a1b78a27578f13a17b -> 
  custom:container-demuxer-webm: 4f35f7cbe854078d1ac9338744f61a02 -> 
  custom:video-encoder-webm-vp8: eb34c28f22e8b96e1ab97ce403110664 -> 
  custom:audio-encoder-webm-vorbis: bf7c407c2cedff20999df2af8eb42d56 -> 
  custom:framework-win-MediaFoundation: 216162199b28c13a410421893ffa2e32 -> 
  custom:container-demuxer-ogg: 62fdf1f143b41e24485cea50d1cbac27 -> 
  custom:video-decoder-webm-vp8: 9c59270c3fd7afecdb556c50c9e8de78 -> 
  custom:audio-decoder-ogg-vorbis: bf7c407c2cedff20999df2af8eb42d56 -> 
========================================================================
Received Prepare
Registering precompiled user dll's ...
Registered in 0.004074 seconds.
Begin MonoManager ReloadAssembly
Symbol file LoadedFromMemory doesn't match image E:\visual code\unity\testas 3d\Library\PackageCache\com.unity.visualscripting@1.8.0\Editor\VisualScripting.Core\Dependencies\YamlDotNet\Unity.VisualScripting.YamlDotNet.dll
Symbol file LoadedFromMemory doesn't match image E:\visual code\unity\testas 3d\Library\PackageCache\com.unity.visualscripting@1.8.0\Editor\VisualScripting.Core\Dependencies\DotNetZip\Unity.VisualScripting.IonicZip.dll
Native extension for WindowsStandalone target not found
Native extension for iOS target not found
Native extension for Android target not found
Native extension for WebGL target not found
Refreshing native plugins compatible for Editor in 0.79 ms, found 3 plugins.
Preloading 0 native plugins for Editor in 0.00 ms.
Mono: successfully reloaded assembly
- Completed reload, in  1.065 seconds
Domain Reload Profiling:
	ReloadAssembly (1065ms)
		BeginReloadAssembly (140ms)
			ExecutionOrderSort (0ms)
			DisableScriptedObjects (10ms)
			BackupInstance (0ms)
			ReleaseScriptingObjects (0ms)
			CreateAndSetChildDomain (34ms)
		EndReloadAssembly (824ms)
			LoadAssemblies (93ms)
			RebuildTransferFunctionScriptingTraits (0ms)
			SetupTypeCache (292ms)
			ReleaseScriptCaches (2ms)
			RebuildScriptCaches (49ms)
			SetupLoadedEditorAssemblies (317ms)
				LogAssemblyErrors (0ms)
				InitializePlatformSupportModulesInManaged (34ms)
				SetLoadedEditorAssemblies (0ms)
				RefreshPlugins (1ms)
				BeforeProcessingInitializeOnLoad (65ms)
				ProcessInitializeOnLoadAttributes (188ms)
				ProcessInitializeOnLoadMethodAttributes (18ms)
				AfterProcessingInitializeOnLoad (10ms)
				EditorAssembliesLoaded (0ms)
			ExecutionOrderSort2 (0ms)
			AwakeInstancesAfterBackupRestoration (5ms)
Platform modules already initialized, skipping
Refreshing native plugins compatible for Editor in 1.60 ms, found 3 plugins.
Preloading 0 native plugins for Editor in 0.00 ms.
Unloading 3046 Unused Serialized files (Serialized files now loaded: 0)
Unloading 18 unused Assets / (79.8 KB). Loaded Objects now: 3583.
Memory consumption went from 114.8 MB to 114.7 MB.
Total: 2.717000 ms (FindLiveObjects: 0.235000 ms CreateObjectMapping: 0.162500 ms MarkObjects: 2.239900 ms  DeleteObjects: 0.078600 ms)

AssetImportParameters requested are different than current active one (requested -> active):
  custom:video-decoder-ogg-theora: a1e56fd34408186e4bbccfd4996cb3dc -> 
  custom:container-muxer-webm: aa71ff27fc2769a1b78a27578f13a17b -> 
  custom:container-demuxer-webm: 4f35f7cbe854078d1ac9338744f61a02 -> 
  custom:video-encoder-webm-vp8: eb34c28f22e8b96e1ab97ce403110664 -> 
  custom:audio-encoder-webm-vorbis: bf7c407c2cedff20999df2af8eb42d56 -> 
  custom:framework-win-MediaFoundation: 216162199b28c13a410421893ffa2e32 -> 
  custom:container-demuxer-ogg: 62fdf1f143b41e24485cea50d1cbac27 -> 
  custom:video-decoder-webm-vp8: 9c59270c3fd7afecdb556c50c9e8de78 -> 
  custom:audio-decoder-ogg-vorbis: bf7c407c2cedff20999df2af8eb42d56 -> 
========================================================================
Received Prepare
Registering precompiled user dll's ...
Registered in 0.003968 seconds.
Begin MonoManager ReloadAssembly
Symbol file LoadedFromMemory doesn't match image E:\visual code\unity\testas 3d\Library\PackageCache\com.unity.visualscripting@1.8.0\Editor\VisualScripting.Core\Dependencies\YamlDotNet\Unity.VisualScripting.YamlDotNet.dll
Symbol file LoadedFromMemory doesn't match image E:\visual code\unity\testas 3d\Library\PackageCache\com.unity.visualscripting@1.8.0\Editor\VisualScripting.Core\Dependencies\DotNetZip\Unity.VisualScripting.IonicZip.dll
Native extension for WindowsStandalone target not found
Native extension for iOS target not found
Native extension for Android target not found
Native extension for WebGL target not found
Refreshing native plugins compatible for Editor in 0.96 ms, found 3 plugins.
Preloading 0 native plugins for Editor in 0.00 ms.
Mono: successfully reloaded assembly
- Completed reload, in  1.071 seconds
Domain Reload Profiling:
	ReloadAssembly (1072ms)
		BeginReloadAssembly (141ms)
			ExecutionOrderSort (0ms)
			DisableScriptedObjects (6ms)
			BackupInstance (0ms)
			ReleaseScriptingObjects (0ms)
			CreateAndSetChildDomain (35ms)
		EndReloadAssembly (817ms)
			LoadAssemblies (90ms)
			RebuildTransferFunctionScriptingTraits (0ms)
			SetupTypeCache (287ms)
			ReleaseScriptCaches (1ms)
			RebuildScriptCaches (48ms)
			SetupLoadedEditorAssemblies (326ms)
				LogAssemblyErrors (0ms)
				InitializePlatformSupportModulesInManaged (38ms)
				SetLoadedEditorAssemblies (0ms)
				RefreshPlugins (1ms)
				BeforeProcessingInitializeOnLoad (69ms)
				ProcessInitializeOnLoadAttributes (186ms)
				ProcessInitializeOnLoadMethodAttributes (20ms)
				AfterProcessingInitializeOnLoad (10ms)
				EditorAssembliesLoaded (0ms)
			ExecutionOrderSort2 (0ms)
			AwakeInstancesAfterBackupRestoration (5ms)
Platform modules already initialized, skipping
Refreshing native plugins compatible for Editor in 1.60 ms, found 3 plugins.
Preloading 0 native plugins for Editor in 0.00 ms.
Unloading 3046 Unused Serialized files (Serialized files now loaded: 0)
Unloading 17 unused Assets / (80.0 KB). Loaded Objects now: 3586.
Memory consumption went from 114.8 MB to 114.7 MB.
Total: 2.658900 ms (FindLiveObjects: 0.226900 ms CreateObjectMapping: 0.127300 ms MarkObjects: 2.230600 ms  DeleteObjects: 0.073300 ms)

AssetImportParameters requested are different than current active one (requested -> active):
  custom:video-decoder-ogg-theora: a1e56fd34408186e4bbccfd4996cb3dc -> 
  custom:container-muxer-webm: aa71ff27fc2769a1b78a27578f13a17b -> 
  custom:container-demuxer-webm: 4f35f7cbe854078d1ac9338744f61a02 -> 
  custom:video-encoder-webm-vp8: eb34c28f22e8b96e1ab97ce403110664 -> 
  custom:audio-encoder-webm-vorbis: bf7c407c2cedff20999df2af8eb42d56 -> 
  custom:framework-win-MediaFoundation: 216162199b28c13a410421893ffa2e32 -> 
  custom:container-demuxer-ogg: 62fdf1f143b41e24485cea50d1cbac27 -> 
  custom:video-decoder-webm-vp8: 9c59270c3fd7afecdb556c50c9e8de78 -> 
  custom:audio-decoder-ogg-vorbis: bf7c407c2cedff20999df2af8eb42d56 -> 
========================================================================
Received Import Request.
  Time since last request: 995.134698 seconds.
  path: Assets/DeepSpaceSkyboxPack/GalaxyFire/Textures/down_galaxyfire.tif
  artifactKey: Guid(03557cb833a29514e809fe3121c3b04d) Importer(815301076,1909f56bfc062723c751e8b465ee728b)
Start importing Assets/DeepSpaceSkyboxPack/GalaxyFire/Textures/down_galaxyfire.tif using Guid(03557cb833a29514e809fe3121c3b04d) Importer(815301076,1909f56bfc062723c751e8b465ee728b)  -> (artifact id: '7ac614f3d94be523014030777b0a0b64') in 0.076051 seconds 
========================================================================
Received Import Request.
  Time since last request: 0.000031 seconds.
  path: Assets/DeepSpaceSkyboxPack/GalaxyFire/Textures/left_galaxyfire.tif
  artifactKey: Guid(34d6675f7f1177449a86d4df11c6bf49) Importer(815301076,1909f56bfc062723c751e8b465ee728b)
Start importing Assets/DeepSpaceSkyboxPack/GalaxyFire/Textures/left_galaxyfire.tif using Guid(34d6675f7f1177449a86d4df11c6bf49) Importer(815301076,1909f56bfc062723c751e8b465ee728b)  -> (artifact id: 'f26d29dfcdbd29038ab6d5933852f566') in 0.015221 seconds 
========================================================================
Received Import Request.
  Time since last request: 0.000024 seconds.
  path: Assets/DeepSpaceSkyboxPack/GalaxyFire/Textures/right_galaxyfire.tif
  artifactKey: Guid(e85bb475092c7bc40aa16839048d5339) Importer(815301076,1909f56bfc062723c751e8b465ee728b)
Start importing Assets/DeepSpaceSkyboxPack/GalaxyFire/Textures/right_galaxyfire.tif using Guid(e85bb475092c7bc40aa16839048d5339) Importer(815301076,1909f56bfc062723c751e8b465ee728b)  -> (artifact id: '7e3bd9eef448d7b59d963cbbf6ccd63b') in 0.020999 seconds 
========================================================================
Received Import Request.
  Time since last request: 17.005647 seconds.
  path: Assets/DeepSpaceSkyboxPack/GalacticGreen/Textures/galacticgreen-front.tif
  artifactKey: Guid(fd076a6dda0fdb942b4954a21b68d4df) Importer(815301076,1909f56bfc062723c751e8b465ee728b)
Start importing Assets/DeepSpaceSkyboxPack/GalacticGreen/Textures/galacticgreen-front.tif using Guid(fd076a6dda0fdb942b4954a21b68d4df) Importer(815301076,1909f56bfc062723c751e8b465ee728b)  -> (artifact id: '22fe86eeecc61654ef9533aa83df18a6') in 0.024067 seconds 
========================================================================
Received Import Request.
  Time since last request: 0.000034 seconds.
  path: Assets/DeepSpaceSkyboxPack/GalacticGreen/Textures/galacticgreen_left.tif
  artifactKey: Guid(484552bdb42439747995db240af61c48) Importer(815301076,1909f56bfc062723c751e8b465ee728b)
Start importing Assets/DeepSpaceSkyboxPack/GalacticGreen/Textures/galacticgreen_left.tif using Guid(484552bdb42439747995db240af61c48) Importer(815301076,1909f56bfc062723c751e8b465ee728b)  -> (artifact id: '9ccbe46a40c763c78573c03bae44d1e1') in 0.029528 seconds 
========================================================================
Received Prepare
Registering precompiled user dll's ...
Registered in 0.004004 seconds.
Begin MonoManager ReloadAssembly
Symbol file LoadedFromMemory doesn't match image E:\visual code\unity\testas 3d\Library\PackageCache\com.unity.visualscripting@1.8.0\Editor\VisualScripting.Core\Dependencies\YamlDotNet\Unity.VisualScripting.YamlDotNet.dll
Symbol file LoadedFromMemory doesn't match image E:\visual code\unity\testas 3d\Library\PackageCache\com.unity.visualscripting@1.8.0\Editor\VisualScripting.Core\Dependencies\DotNetZip\Unity.VisualScripting.IonicZip.dll
Native extension for WindowsStandalone target not found
Native extension for iOS target not found
Native extension for Android target not found
Native extension for WebGL target not found
Refreshing native plugins compatible for Editor in 1.27 ms, found 3 plugins.
Preloading 0 native plugins for Editor in 0.00 ms.
Mono: successfully reloaded assembly
- Completed reload, in  1.245 seconds
Domain Reload Profiling:
	ReloadAssembly (1246ms)
		BeginReloadAssembly (154ms)
			ExecutionOrderSort (0ms)
			DisableScriptedObjects (9ms)
			BackupInstance (0ms)
			ReleaseScriptingObjects (0ms)
			CreateAndSetChildDomain (42ms)
		EndReloadAssembly (981ms)
			LoadAssemblies (104ms)
			RebuildTransferFunctionScriptingTraits (0ms)
			SetupTypeCache (347ms)
			ReleaseScriptCaches (2ms)
			RebuildScriptCaches (57ms)
			SetupLoadedEditorAssemblies (386ms)
				LogAssemblyErrors (0ms)
				InitializePlatformSupportModulesInManaged (45ms)
				SetLoadedEditorAssemblies (1ms)
				RefreshPlugins (1ms)
				BeforeProcessingInitializeOnLoad (75ms)
				ProcessInitializeOnLoadAttributes (230ms)
				ProcessInitializeOnLoadMethodAttributes (21ms)
				AfterProcessingInitializeOnLoad (13ms)
				EditorAssembliesLoaded (0ms)
			ExecutionOrderSort2 (0ms)
			AwakeInstancesAfterBackupRestoration (6ms)
Platform modules already initialized, skipping
Refreshing native plugins compatible for Editor in 1.92 ms, found 3 plugins.
Preloading 0 native plugins for Editor in 0.00 ms.
Unloading 3046 Unused Serialized files (Serialized files now loaded: 0)
Unloading 17 unused Assets / (79.7 KB). Loaded Objects now: 3589.
Memory consumption went from 114.8 MB to 114.7 MB.
Total: 3.226700 ms (FindLiveObjects: 0.274800 ms CreateObjectMapping: 0.186300 ms MarkObjects: 2.672400 ms  DeleteObjects: 0.091600 ms)

AssetImportParameters requested are different than current active one (requested -> active):
  custom:video-decoder-ogg-theora: a1e56fd34408186e4bbccfd4996cb3dc -> 
  custom:container-muxer-webm: aa71ff27fc2769a1b78a27578f13a17b -> 
  custom:container-demuxer-webm: 4f35f7cbe854078d1ac9338744f61a02 -> 
  custom:video-encoder-webm-vp8: eb34c28f22e8b96e1ab97ce403110664 -> 
  custom:audio-encoder-webm-vorbis: bf7c407c2cedff20999df2af8eb42d56 -> 
  custom:framework-win-MediaFoundation: 216162199b28c13a410421893ffa2e32 -> 
  custom:container-demuxer-ogg: 62fdf1f143b41e24485cea50d1cbac27 -> 
  custom:video-decoder-webm-vp8: 9c59270c3fd7afecdb556c50c9e8de78 -> 
  custom:audio-decoder-ogg-vorbis: bf7c407c2cedff20999df2af8eb42d56 -> 
========================================================================
Received Prepare
Registering precompiled user dll's ...
Registered in 0.004608 seconds.
Begin MonoManager ReloadAssembly
Symbol file LoadedFromMemory doesn't match image E:\visual code\unity\testas 3d\Library\PackageCache\com.unity.visualscripting@1.8.0\Editor\VisualScripting.Core\Dependencies\YamlDotNet\Unity.VisualScripting.YamlDotNet.dll
Symbol file LoadedFromMemory doesn't match image E:\visual code\unity\testas 3d\Library\PackageCache\com.unity.visualscripting@1.8.0\Editor\VisualScripting.Core\Dependencies\DotNetZip\Unity.VisualScripting.IonicZip.dll
Native extension for WindowsStandalone target not found
Native extension for iOS target not found
Native extension for Android target not found
Native extension for WebGL target not found
Refreshing native plugins compatible for Editor in 1.15 ms, found 3 plugins.
Preloading 0 native plugins for Editor in 0.00 ms.
Mono: successfully reloaded assembly
- Completed reload, in  1.199 seconds
Domain Reload Profiling:
	ReloadAssembly (1200ms)
		BeginReloadAssembly (160ms)
			ExecutionOrderSort (0ms)
			DisableScriptedObjects (6ms)
			BackupInstance (0ms)
			ReleaseScriptingObjects (0ms)
			CreateAndSetChildDomain (44ms)
		EndReloadAssembly (930ms)
			LoadAssemblies (107ms)
			RebuildTransferFunctionScriptingTraits (0ms)
			SetupTypeCache (306ms)
			ReleaseScriptCaches (1ms)
			RebuildScriptCaches (50ms)
			SetupLoadedEditorAssemblies (400ms)
				LogAssemblyErrors (0ms)
				InitializePlatformSupportModulesInManaged (43ms)
				SetLoadedEditorAssemblies (0ms)
				RefreshPlugins (4ms)
				BeforeProcessingInitializeOnLoad (83ms)
				ProcessInitializeOnLoadAttributes (228ms)
				ProcessInitializeOnLoadMethodAttributes (25ms)
				AfterProcessingInitializeOnLoad (16ms)
				EditorAssembliesLoaded (0ms)
			ExecutionOrderSort2 (0ms)
			AwakeInstancesAfterBackupRestoration (6ms)
Platform modules already initialized, skipping
Refreshing native plugins compatible for Editor in 1.95 ms, found 3 plugins.
Preloading 0 native plugins for Editor in 0.00 ms.
Unloading 3046 Unused Serialized files (Serialized files now loaded: 0)
Unloading 17 unused Assets / (79.9 KB). Loaded Objects now: 3592.
Memory consumption went from 114.8 MB to 114.7 MB.
Total: 3.698100 ms (FindLiveObjects: 0.283600 ms CreateObjectMapping: 0.189700 ms MarkObjects: 3.089800 ms  DeleteObjects: 0.133700 ms)

AssetImportParameters requested are different than current active one (requested -> active):
  custom:video-decoder-ogg-theora: a1e56fd34408186e4bbccfd4996cb3dc -> 
  custom:container-muxer-webm: aa71ff27fc2769a1b78a27578f13a17b -> 
  custom:container-demuxer-webm: 4f35f7cbe854078d1ac9338744f61a02 -> 
  custom:video-encoder-webm-vp8: eb34c28f22e8b96e1ab97ce403110664 -> 
  custom:audio-encoder-webm-vorbis: bf7c407c2cedff20999df2af8eb42d56 -> 
  custom:framework-win-MediaFoundation: 216162199b28c13a410421893ffa2e32 -> 
  custom:container-demuxer-ogg: 62fdf1f143b41e24485cea50d1cbac27 -> 
  custom:video-decoder-webm-vp8: 9c59270c3fd7afecdb556c50c9e8de78 -> 
  custom:audio-decoder-ogg-vorbis: bf7c407c2cedff20999df2af8eb42d56 -> 
Editor requested this worker to shutdown with reason: Scaling down because of idle timeout
AssetImportWorker is now disconnected from the server
Process exiting
Exiting without the bug reporter. Application will terminate with return code 0