Using pre-set license
Built from '2021.3/staging' branch; Version is '2021.3.18f1 (3129e69bc0c7) revision 3221990'; Using compiler version '192829333'; Build Type 'Release'
OS: 'Windows 11  (10.0.22621) 64bit Core' Language: 'ru' Physical Memory: 16249 MB
BatchMode: 1, IsHumanControllingUs: 0, StartBugReporterOnCrash: 0, Is64bit: 1, IsPro: 1

COMMAND LINE ARGUMENTS:
C:\Program Files\Unity\Hub\Editor\2021.3.18f1\Editor\Unity.exe
-adb2
-batchMode
-noUpm
-name
AssetImportWorker4
-projectPath
E:/visual code/unity/testas 3d
-logFile
Logs/AssetImportWorker4.log
-srvPort
55958
Successfully changed project path to: E:/visual code/unity/testas 3d
E:/visual code/unity/testas 3d
[UnityMemory] Configuration Parameters - Can be set up in boot.config
    "memorysetup-bucket-allocator-granularity=16"
    "memorysetup-bucket-allocator-bucket-count=8"
    "memorysetup-bucket-allocator-block-size=33554432"
    "memorysetup-bucket-allocator-block-count=8"
    "memorysetup-main-allocator-block-size=16777216"
    "memorysetup-thread-allocator-block-size=16777216"
    "memorysetup-gfx-main-allocator-block-size=16777216"
    "memorysetup-gfx-thread-allocator-block-size=16777216"
    "memorysetup-cache-allocator-block-size=4194304"
    "memorysetup-typetree-allocator-block-size=2097152"
    "memorysetup-profiler-bucket-allocator-granularity=16"
    "memorysetup-profiler-bucket-allocator-bucket-count=8"
    "memorysetup-profiler-bucket-allocator-block-size=33554432"
    "memorysetup-profiler-bucket-allocator-block-count=8"
    "memorysetup-profiler-allocator-block-size=16777216"
    "memorysetup-profiler-editor-allocator-block-size=1048576"
    "memorysetup-temp-allocator-size-main=16777216"
    "memorysetup-job-temp-allocator-block-size=2097152"
    "memorysetup-job-temp-allocator-block-size-background=1048576"
    "memorysetup-job-temp-allocator-reduction-small-platforms=262144"
    "memorysetup-temp-allocator-size-background-worker=32768"
    "memorysetup-temp-allocator-size-job-worker=262144"
    "memorysetup-temp-allocator-size-preload-manager=33554432"
    "memorysetup-temp-allocator-size-nav-mesh-worker=65536"
    "memorysetup-temp-allocator-size-audio-worker=65536"
    "memorysetup-temp-allocator-size-cloud-worker=32768"
    "memorysetup-temp-allocator-size-gi-baking-worker=262144"
    "memorysetup-temp-allocator-size-gfx=262144"
Player connection [24176] Host "[IP] 192.168.0.103 [Port] 0 [Flags] 2 [Guid] 3470999212 [EditorId] 3470999212 [Version] 1048832 [Id] WindowsEditor(7,winimak-oleg) [Debug] 1 [PackageName] WindowsEditor [ProjectName] Editor" joined multi-casting on [225.0.0.222:54997]...

Player connection [24176] Host "[IP] 192.168.0.103 [Port] 0 [Flags] 2 [Guid] 3470999212 [EditorId] 3470999212 [Version] 1048832 [Id] WindowsEditor(7,winimak-oleg) [Debug] 1 [PackageName] WindowsEditor [ProjectName] Editor" joined alternative multi-casting on [225.0.0.222:34997]...

Refreshing native plugins compatible for Editor in 157.05 ms, found 3 plugins.
Preloading 0 native plugins for Editor in 0.00 ms.
Initialize engine version: 2021.3.18f1 (3129e69bc0c7)
[Subsystems] Discovering subsystems at path C:/Program Files/Unity/Hub/Editor/2021.3.18f1/Editor/Data/Resources/UnitySubsystems
[Subsystems] Discovering subsystems at path E:/visual code/unity/testas 3d/Assets
GfxDevice: creating device client; threaded=0; jobified=0
Direct3D:
    Version:  Direct3D 11.0 [level 11.1]
    Renderer: NVIDIA GeForce RTX 2060 (ID=0x1f08)
    Vendor:   NVIDIA
    VRAM:     5968 MB
    Driver:   31.0.15.2802
Initialize mono
Mono path[0] = 'C:/Program Files/Unity/Hub/Editor/2021.3.18f1/Editor/Data/Managed'
Mono path[1] = 'C:/Program Files/Unity/Hub/Editor/2021.3.18f1/Editor/Data/MonoBleedingEdge/lib/mono/unityjit-win32'
Mono config path = 'C:/Program Files/Unity/Hub/Editor/2021.3.18f1/Editor/Data/MonoBleedingEdge/etc'
Using monoOptions --debugger-agent=transport=dt_socket,embedding=1,server=y,suspend=n,address=127.0.0.1:56760
Begin MonoManager ReloadAssembly
Registering precompiled unity dll's ...
Register platform support module: C:/Program Files/Unity/Hub/Editor/2021.3.18f1/Editor/Data/PlaybackEngines/WebGLSupport/UnityEditor.WebGL.Extensions.dll
Register platform support module: C:/Program Files/Unity/Hub/Editor/2021.3.18f1/Editor/Data/PlaybackEngines/AndroidPlayer/UnityEditor.Android.Extensions.dll
Register platform support module: C:/Program Files/Unity/Hub/Editor/2021.3.18f1/Editor/Data/PlaybackEngines/iOSSupport/UnityEditor.iOS.Extensions.dll
Register platform support module: C:/Program Files/Unity/Hub/Editor/2021.3.18f1/Editor/Data/PlaybackEngines/WindowsStandaloneSupport/UnityEditor.WindowsStandalone.Extensions.dll
Registered in 0.009477 seconds.
Native extension for WindowsStandalone target not found
[usbmuxd] Start listen thread
[usbmuxd] Listen thread started
[usbmuxd] Send listen message
Native extension for iOS target not found
Native extension for Android target not found
Android Extension - Scanning For ADB Devices 220 ms
Native extension for WebGL target not found
Refreshing native plugins compatible for Editor in 91.66 ms, found 3 plugins.
Preloading 0 native plugins for Editor in 0.00 ms.
Mono: successfully reloaded assembly
- Completed reload, in  0.944 seconds
Domain Reload Profiling:
	ReloadAssembly (944ms)
		BeginReloadAssembly (79ms)
			ExecutionOrderSort (0ms)
			DisableScriptedObjects (0ms)
			BackupInstance (0ms)
			ReleaseScriptingObjects (0ms)
			CreateAndSetChildDomain (1ms)
		EndReloadAssembly (746ms)
			LoadAssemblies (76ms)
			RebuildTransferFunctionScriptingTraits (0ms)
			SetupTypeCache (115ms)
			ReleaseScriptCaches (0ms)
			RebuildScriptCaches (33ms)
			SetupLoadedEditorAssemblies (544ms)
				LogAssemblyErrors (0ms)
				InitializePlatformSupportModulesInManaged (314ms)
				SetLoadedEditorAssemblies (0ms)
				RefreshPlugins (92ms)
				BeforeProcessingInitializeOnLoad (2ms)
				ProcessInitializeOnLoadAttributes (93ms)
				ProcessInitializeOnLoadMethodAttributes (43ms)
				AfterProcessingInitializeOnLoad (0ms)
				EditorAssembliesLoaded (0ms)
			ExecutionOrderSort2 (0ms)
			AwakeInstancesAfterBackupRestoration (0ms)
Platform modules already initialized, skipping
Registering precompiled user dll's ...
Registered in 0.004442 seconds.
Begin MonoManager ReloadAssembly
Symbol file LoadedFromMemory doesn't match image E:\visual code\unity\testas 3d\Library\PackageCache\com.unity.visualscripting@1.8.0\Editor\VisualScripting.Core\Dependencies\YamlDotNet\Unity.VisualScripting.YamlDotNet.dll
Symbol file LoadedFromMemory doesn't match image E:\visual code\unity\testas 3d\Library\PackageCache\com.unity.visualscripting@1.8.0\Editor\VisualScripting.Core\Dependencies\DotNetZip\Unity.VisualScripting.IonicZip.dll
Native extension for WindowsStandalone target not found
Native extension for iOS target not found
Native extension for Android target not found
Native extension for WebGL target not found
Refreshing native plugins compatible for Editor in 0.62 ms, found 3 plugins.
Preloading 0 native plugins for Editor in 0.00 ms.
Mono: successfully reloaded assembly
- Completed reload, in  1.119 seconds
Domain Reload Profiling:
	ReloadAssembly (1120ms)
		BeginReloadAssembly (109ms)
			ExecutionOrderSort (0ms)
			DisableScriptedObjects (6ms)
			BackupInstance (0ms)
			ReleaseScriptingObjects (0ms)
			CreateAndSetChildDomain (19ms)
		EndReloadAssembly (896ms)
			LoadAssemblies (84ms)
			RebuildTransferFunctionScriptingTraits (0ms)
			SetupTypeCache (275ms)
			ReleaseScriptCaches (1ms)
			RebuildScriptCaches (53ms)
			SetupLoadedEditorAssemblies (411ms)
				LogAssemblyErrors (0ms)
				InitializePlatformSupportModulesInManaged (28ms)
				SetLoadedEditorAssemblies (0ms)
				RefreshPlugins (1ms)
				BeforeProcessingInitializeOnLoad (84ms)
				ProcessInitializeOnLoadAttributes (256ms)
				ProcessInitializeOnLoadMethodAttributes (32ms)
				AfterProcessingInitializeOnLoad (11ms)
				EditorAssembliesLoaded (0ms)
			ExecutionOrderSort2 (0ms)
			AwakeInstancesAfterBackupRestoration (9ms)
Platform modules already initialized, skipping
========================================================================
Worker process is ready to serve import requests
Launched and connected shader compiler UnityShaderCompiler.exe after 0.11 seconds
Refreshing native plugins compatible for Editor in 2.28 ms, found 3 plugins.
Preloading 0 native plugins for Editor in 0.00 ms.
Unloading 3050 Unused Serialized files (Serialized files now loaded: 0)
Unloading 24 unused Assets / (113.9 KB). Loaded Objects now: 3512.
Memory consumption went from 110.4 MB to 110.3 MB.
Total: 5.968400 ms (FindLiveObjects: 0.653800 ms CreateObjectMapping: 0.548400 ms MarkObjects: 4.587200 ms  DeleteObjects: 0.176800 ms)

AssetImportParameters requested are different than current active one (requested -> active):
  custom:video-decoder-ogg-theora: a1e56fd34408186e4bbccfd4996cb3dc -> 
  custom:container-muxer-webm: aa71ff27fc2769a1b78a27578f13a17b -> 
  custom:container-demuxer-webm: 4f35f7cbe854078d1ac9338744f61a02 -> 
  custom:video-encoder-webm-vp8: eb34c28f22e8b96e1ab97ce403110664 -> 
  custom:audio-encoder-webm-vorbis: bf7c407c2cedff20999df2af8eb42d56 -> 
  custom:framework-win-MediaFoundation: 216162199b28c13a410421893ffa2e32 -> 
  custom:container-demuxer-ogg: 62fdf1f143b41e24485cea50d1cbac27 -> 
  custom:video-decoder-webm-vp8: 9c59270c3fd7afecdb556c50c9e8de78 -> 
  custom:audio-decoder-ogg-vorbis: bf7c407c2cedff20999df2af8eb42d56 -> 
========================================================================
Received Import Request.
  Time since last request: 80325.685408 seconds.
  path: Assets/StarSparrow/Prefabs/Modular Examples/StarSparrow10.prefab
  artifactKey: Guid(9aeb31f3dfa2d3f41af8ea1b97d4a12c) Importer(815301076,1909f56bfc062723c751e8b465ee728b)
Start importing Assets/StarSparrow/Prefabs/Modular Examples/StarSparrow10.prefab using Guid(9aeb31f3dfa2d3f41af8ea1b97d4a12c) Importer(815301076,1909f56bfc062723c751e8b465ee728b)  -> (artifact id: '8833c2b1430229f6e3e3869f5abce990') in 0.390021 seconds 
========================================================================
Received Import Request.
  Time since last request: 0.000067 seconds.
  path: Assets/StarSparrow/Prefabs/Modular Examples/StarSparrow8.prefab
  artifactKey: Guid(821cb84404cdb734481db5d7b905b37a) Importer(815301076,1909f56bfc062723c751e8b465ee728b)
Start importing Assets/StarSparrow/Prefabs/Modular Examples/StarSparrow8.prefab using Guid(821cb84404cdb734481db5d7b905b37a) Importer(815301076,1909f56bfc062723c751e8b465ee728b)  -> (artifact id: '8b447e249ff74e50edd762fd307c950e') in 0.134898 seconds 
========================================================================
Received Import Request.
  Time since last request: 12.362567 seconds.
  path: Assets/kenney_space-kit/Side/alien.png
  artifactKey: Guid(7f6101a4ea7bdda488384132fcbef494) Importer(815301076,1909f56bfc062723c751e8b465ee728b)
Start importing Assets/kenney_space-kit/Side/alien.png using Guid(7f6101a4ea7bdda488384132fcbef494) Importer(815301076,1909f56bfc062723c751e8b465ee728b)  -> (artifact id: '94dbc219a3e7c59704c893f1b0db3df9') in 0.027658 seconds 
========================================================================
Received Import Request.
  Time since last request: 0.000021 seconds.
  path: Assets/kenney_space-kit/Side/desk_chairStool.png
  artifactKey: Guid(57ab2e112cbcb0f4bbea0675bdd91b1d) Importer(815301076,1909f56bfc062723c751e8b465ee728b)
Start importing Assets/kenney_space-kit/Side/desk_chairStool.png using Guid(57ab2e112cbcb0f4bbea0675bdd91b1d) Importer(815301076,1909f56bfc062723c751e8b465ee728b)  -> (artifact id: '5445f872bf364d9f2071f912bf0e963b') in 0.029512 seconds 
========================================================================
Received Import Request.
  Time since last request: 0.000020 seconds.
  path: Assets/kenney_space-kit/Side/hangar_roundA.png
  artifactKey: Guid(6be6110ea3cd09c41b19428df7b585d0) Importer(815301076,1909f56bfc062723c751e8b465ee728b)
Start importing Assets/kenney_space-kit/Side/hangar_roundA.png using Guid(6be6110ea3cd09c41b19428df7b585d0) Importer(815301076,1909f56bfc062723c751e8b465ee728b)  -> (artifact id: 'c212395308e331ab3805314d63eb503d') in 0.036669 seconds 
========================================================================
Received Import Request.
  Time since last request: 0.000018 seconds.
  path: Assets/kenney_space-kit/Side/monorail_trackStraight.png
  artifactKey: Guid(035a65e829802ac499f7fb2afd9abc9b) Importer(815301076,1909f56bfc062723c751e8b465ee728b)
Start importing Assets/kenney_space-kit/Side/monorail_trackStraight.png using Guid(035a65e829802ac499f7fb2afd9abc9b) Importer(815301076,1909f56bfc062723c751e8b465ee728b)  -> (artifact id: '6a5282fc181a32b7610d8bc238d1c127') in 0.021896 seconds 
========================================================================
Received Import Request.
  Time since last request: 0.000023 seconds.
  path: Assets/kenney_space-kit/Side/pipe_entrance.png
  artifactKey: Guid(5b43b3a25a92aad4cbcaf9539fed90e3) Importer(815301076,1909f56bfc062723c751e8b465ee728b)
Start importing Assets/kenney_space-kit/Side/pipe_entrance.png using Guid(5b43b3a25a92aad4cbcaf9539fed90e3) Importer(815301076,1909f56bfc062723c751e8b465ee728b)  -> (artifact id: '8ff62a04076914a9353b6f92f36f5e5f') in 0.030063 seconds 
========================================================================
Received Import Request.
  Time since last request: 0.000021 seconds.
  path: Assets/kenney_space-kit/Side/craft_speederB.png
  artifactKey: Guid(9fa222a4d3aea054f9baa5b798d1c8e0) Importer(815301076,1909f56bfc062723c751e8b465ee728b)
Start importing Assets/kenney_space-kit/Side/craft_speederB.png using Guid(9fa222a4d3aea054f9baa5b798d1c8e0) Importer(815301076,1909f56bfc062723c751e8b465ee728b)  -> (artifact id: '17da823fc634b86ef189931a9aa53502') in 0.015610 seconds 
========================================================================
Received Import Request.
  Time since last request: 0.000023 seconds.
  path: Assets/kenney_space-kit/Side/corridor_wall.png
  artifactKey: Guid(2e7ab758549e2694b94000993292b278) Importer(815301076,1909f56bfc062723c751e8b465ee728b)
Start importing Assets/kenney_space-kit/Side/corridor_wall.png using Guid(2e7ab758549e2694b94000993292b278) Importer(815301076,1909f56bfc062723c751e8b465ee728b)  -> (artifact id: '99d17201dd25de56e92aaf9c90fafada') in 0.013052 seconds 
========================================================================
Received Import Request.
  Time since last request: 0.000022 seconds.
  path: Assets/kenney_space-kit/Side/pipe_ringHigh.png
  artifactKey: Guid(58559f2b0dcf38e45a9c7e869e5b98ce) Importer(815301076,1909f56bfc062723c751e8b465ee728b)
Start importing Assets/kenney_space-kit/Side/pipe_ringHigh.png using Guid(58559f2b0dcf38e45a9c7e869e5b98ce) Importer(815301076,1909f56bfc062723c751e8b465ee728b)  -> (artifact id: 'ebf223d986a09c7a37a62e0277b1e6fa') in 0.018478 seconds 
========================================================================
Received Import Request.
  Time since last request: 0.000015 seconds.
  path: Assets/kenney_space-kit/Side/corridor_corner.png
  artifactKey: Guid(98905ad5f9d4540408558bb7ce9c632d) Importer(815301076,1909f56bfc062723c751e8b465ee728b)
Start importing Assets/kenney_space-kit/Side/corridor_corner.png using Guid(98905ad5f9d4540408558bb7ce9c632d) Importer(815301076,1909f56bfc062723c751e8b465ee728b)  -> (artifact id: 'dcd5e598484816feb14c887b62ab0829') in 0.015323 seconds 
========================================================================
Received Import Request.
  Time since last request: 0.000016 seconds.
  path: Assets/kenney_space-kit/Side/pipe_corner.png
  artifactKey: Guid(b74464e97cf9c2440b34d889fe744aef) Importer(815301076,1909f56bfc062723c751e8b465ee728b)
Start importing Assets/kenney_space-kit/Side/pipe_corner.png using Guid(b74464e97cf9c2440b34d889fe744aef) Importer(815301076,1909f56bfc062723c751e8b465ee728b)  -> (artifact id: 'e9fec07874bd8fab021af364c3f828fa') in 0.013598 seconds 
========================================================================
Received Import Request.
  Time since last request: 0.000031 seconds.
  path: Assets/kenney_space-kit/Side/hangar_largeB.png
  artifactKey: Guid(ef03df79c2a7d734e9dad7f40317490a) Importer(815301076,1909f56bfc062723c751e8b465ee728b)
Start importing Assets/kenney_space-kit/Side/hangar_largeB.png using Guid(ef03df79c2a7d734e9dad7f40317490a) Importer(815301076,1909f56bfc062723c751e8b465ee728b)  -> (artifact id: '979b9bf40c74fd3c367f1c21e7e54ff8') in 0.017272 seconds 
========================================================================
Received Import Request.
  Time since last request: 0.000020 seconds.
  path: Assets/kenney_space-kit/Side/chimney.png
  artifactKey: Guid(c325f2177a797af4c96436557034a8fe) Importer(815301076,1909f56bfc062723c751e8b465ee728b)
Start importing Assets/kenney_space-kit/Side/chimney.png using Guid(c325f2177a797af4c96436557034a8fe) Importer(815301076,1909f56bfc062723c751e8b465ee728b)  -> (artifact id: '2105de8e203056692397479772d6181b') in 0.017008 seconds 
========================================================================
Received Import Request.
  Time since last request: 0.000023 seconds.
  path: Assets/kenney_space-kit/Side/chimney_detailed.png
  artifactKey: Guid(aa2b0ca03e1b7d640bd15d038b74ede0) Importer(815301076,1909f56bfc062723c751e8b465ee728b)
Start importing Assets/kenney_space-kit/Side/chimney_detailed.png using Guid(aa2b0ca03e1b7d640bd15d038b74ede0) Importer(815301076,1909f56bfc062723c751e8b465ee728b)  -> (artifact id: '7df5442ea378b3ba0f44a1c412df7dae') in 0.014167 seconds 
========================================================================
Received Import Request.
  Time since last request: 0.000025 seconds.
  path: Assets/kenney_space-kit/Side/hangar_roundB.png
  artifactKey: Guid(a5bb4aabe23a94e4eac11e242abc1bbf) Importer(815301076,1909f56bfc062723c751e8b465ee728b)
Start importing Assets/kenney_space-kit/Side/hangar_roundB.png using Guid(a5bb4aabe23a94e4eac11e242abc1bbf) Importer(815301076,1909f56bfc062723c751e8b465ee728b)  -> (artifact id: '0818f06010b79e43214761219d19898a') in 0.013208 seconds 
========================================================================
Received Import Request.
  Time since last request: 0.000021 seconds.
  path: Assets/kenney_space-kit/Side/monorail_trackCornerLarge.png
  artifactKey: Guid(cfeecbb8bc6e737468a01fdebe439034) Importer(815301076,1909f56bfc062723c751e8b465ee728b)
Start importing Assets/kenney_space-kit/Side/monorail_trackCornerLarge.png using Guid(cfeecbb8bc6e737468a01fdebe439034) Importer(815301076,1909f56bfc062723c751e8b465ee728b)  -> (artifact id: '713b93ba77be3fe3ba8825907b9c124a') in 0.013988 seconds 
========================================================================
Received Import Request.
  Time since last request: 0.000040 seconds.
  path: Assets/kenney_space-kit/Side/gate_simple.png
  artifactKey: Guid(3e4acf3aeb76d7a42b6a474dcb53aefa) Importer(815301076,1909f56bfc062723c751e8b465ee728b)
Start importing Assets/kenney_space-kit/Side/gate_simple.png using Guid(3e4acf3aeb76d7a42b6a474dcb53aefa) Importer(815301076,1909f56bfc062723c751e8b465ee728b)  -> (artifact id: 'a1160e211f30d35e2f15c043a291e5d3') in 0.013949 seconds 
========================================================================
Received Import Request.
  Time since last request: 0.000033 seconds.
  path: Assets/kenney_space-kit/Side/craterLarge.png
  artifactKey: Guid(5f8a5077f7c98bb45a23c62af93390dc) Importer(815301076,1909f56bfc062723c751e8b465ee728b)
Start importing Assets/kenney_space-kit/Side/craterLarge.png using Guid(5f8a5077f7c98bb45a23c62af93390dc) Importer(815301076,1909f56bfc062723c751e8b465ee728b)  -> (artifact id: 'e6fb999917cbdcb27cdf348a024c4257') in 0.012569 seconds 
========================================================================
Received Import Request.
  Time since last request: 0.000029 seconds.
  path: Assets/kenney_space-kit/Side/pipe_cornerRoundLarge.png
  artifactKey: Guid(3d2d1cd4627596d4a98312702ee9094b) Importer(815301076,1909f56bfc062723c751e8b465ee728b)
Start importing Assets/kenney_space-kit/Side/pipe_cornerRoundLarge.png using Guid(3d2d1cd4627596d4a98312702ee9094b) Importer(815301076,1909f56bfc062723c751e8b465ee728b)  -> (artifact id: '272f3c6fecab3ca89a87c68113979d67') in 0.018464 seconds 
========================================================================
Received Import Request.
  Time since last request: 0.000024 seconds.
  path: Assets/kenney_space-kit/Side/pipe_cornerDiagonal.png
  artifactKey: Guid(74316be103383cb499e0e206cfba5121) Importer(815301076,1909f56bfc062723c751e8b465ee728b)
Start importing Assets/kenney_space-kit/Side/pipe_cornerDiagonal.png using Guid(74316be103383cb499e0e206cfba5121) Importer(815301076,1909f56bfc062723c751e8b465ee728b)  -> (artifact id: 'e87d6abf86dae33e45ba7445f9b7e6a3') in 0.016365 seconds 
========================================================================
Received Import Request.
  Time since last request: 0.000030 seconds.
  path: Assets/kenney_space-kit/Side/corridor_open.png
  artifactKey: Guid(4cd4cd7110c74ff48ad59058a7ee2482) Importer(815301076,1909f56bfc062723c751e8b465ee728b)
Start importing Assets/kenney_space-kit/Side/corridor_open.png using Guid(4cd4cd7110c74ff48ad59058a7ee2482) Importer(815301076,1909f56bfc062723c751e8b465ee728b)  -> (artifact id: '8691f63786f60b6a5aa4d6914865797b') in 0.015937 seconds 
========================================================================
Received Import Request.
  Time since last request: 0.000024 seconds.
  path: Assets/kenney_space-kit/Side/machine_barrel.png
  artifactKey: Guid(81b58c95654b55f44b52774f905b9d28) Importer(815301076,1909f56bfc062723c751e8b465ee728b)
Start importing Assets/kenney_space-kit/Side/machine_barrel.png using Guid(81b58c95654b55f44b52774f905b9d28) Importer(815301076,1909f56bfc062723c751e8b465ee728b)  -> (artifact id: 'ae923e19c05d36902261d3f4e7d3a556') in 0.014168 seconds 
========================================================================
Received Import Request.
  Time since last request: 0.000024 seconds.
  path: Assets/kenney_space-kit/Side/desk_computerScreen.png
  artifactKey: Guid(261df2636de67d6448bf38b3d99802a5) Importer(815301076,1909f56bfc062723c751e8b465ee728b)
Start importing Assets/kenney_space-kit/Side/desk_computerScreen.png using Guid(261df2636de67d6448bf38b3d99802a5) Importer(815301076,1909f56bfc062723c751e8b465ee728b)  -> (artifact id: '257393ab1a77ba04c5025a1202f7a313') in 0.013933 seconds 
========================================================================
Received Import Request.
  Time since last request: 0.000030 seconds.
  path: Assets/kenney_space-kit/Side/monorail_trackSupport.png
  artifactKey: Guid(a06db531ad8cc07439478a49bd2a3c5f) Importer(815301076,1909f56bfc062723c751e8b465ee728b)
Start importing Assets/kenney_space-kit/Side/monorail_trackSupport.png using Guid(a06db531ad8cc07439478a49bd2a3c5f) Importer(815301076,1909f56bfc062723c751e8b465ee728b)  -> (artifact id: '1ddb7c8eeed1792ba89a806ffc35a19b') in 0.015165 seconds 
========================================================================
Received Import Request.
  Time since last request: 0.000032 seconds.
  path: Assets/kenney_space-kit/Side/hangar_roundGlass.png
  artifactKey: Guid(81ce46a670c7950489e2a612b8410d97) Importer(815301076,1909f56bfc062723c751e8b465ee728b)
Start importing Assets/kenney_space-kit/Side/hangar_roundGlass.png using Guid(81ce46a670c7950489e2a612b8410d97) Importer(815301076,1909f56bfc062723c751e8b465ee728b)  -> (artifact id: 'ed94c097260947e5089a6931529fd178') in 0.015155 seconds 
========================================================================
Received Import Request.
  Time since last request: 0.000038 seconds.
  path: Assets/kenney_space-kit/Side/corridor_detailed.png
  artifactKey: Guid(4b1a32b5c97a15f4cbb472a915546403) Importer(815301076,1909f56bfc062723c751e8b465ee728b)
Start importing Assets/kenney_space-kit/Side/corridor_detailed.png using Guid(4b1a32b5c97a15f4cbb472a915546403) Importer(815301076,1909f56bfc062723c751e8b465ee728b)  -> (artifact id: 'c8126f8f0f268e1c223dba25c4dad11d') in 0.019021 seconds 
========================================================================
Received Import Request.
  Time since last request: 0.000045 seconds.
  path: Assets/kenney_space-kit/Side/corridor_window.png
  artifactKey: Guid(4b8512ca78870a74ea6facbecf83208b) Importer(815301076,1909f56bfc062723c751e8b465ee728b)
Start importing Assets/kenney_space-kit/Side/corridor_window.png using Guid(4b8512ca78870a74ea6facbecf83208b) Importer(815301076,1909f56bfc062723c751e8b465ee728b)  -> (artifact id: '6650b03f5950f2149ccd34d45a0872b3') in 0.013607 seconds 
========================================================================
Received Import Request.
  Time since last request: 0.000031 seconds.
  path: Assets/kenney_space-kit/Side/pipe_rampSmall.png
  artifactKey: Guid(45efed3f4c4e6e440a45d422d37fc2c9) Importer(815301076,1909f56bfc062723c751e8b465ee728b)
Start importing Assets/kenney_space-kit/Side/pipe_rampSmall.png using Guid(45efed3f4c4e6e440a45d422d37fc2c9) Importer(815301076,1909f56bfc062723c751e8b465ee728b)  -> (artifact id: '519b72b04bc2c983c8ddb1b5b1044a35') in 0.015192 seconds 
Editor requested this worker to shutdown with reason: Scaling down because of idle timeout
AssetImportWorker is now disconnected from the server
Process exiting
Exiting without the bug reporter. Application will terminate with return code 0