Using pre-set license
Built from '2021.3/staging' branch; Version is '2021.3.18f1 (3129e69bc0c7) revision 3221990'; Using compiler version '192829333'; Build Type 'Release'
OS: 'Windows 11  (10.0.22621) 64bit Core' Language: 'ru' Physical Memory: 16249 MB
BatchMode: 1, IsHumanControllingUs: 0, StartBugReporterOnCrash: 0, Is64bit: 1, IsPro: 1

COMMAND LINE ARGUMENTS:
C:\Program Files\Unity\Hub\Editor\2021.3.18f1\Editor\Unity.exe
-adb2
-batchMode
-noUpm
-name
AssetImportWorker2
-projectPath
E:/visual code/unity/testas 3d
-logFile
Logs/AssetImportWorker2.log
-srvPort
55958
Successfully changed project path to: E:/visual code/unity/testas 3d
E:/visual code/unity/testas 3d
[UnityMemory] Configuration Parameters - Can be set up in boot.config
    "memorysetup-bucket-allocator-granularity=16"
    "memorysetup-bucket-allocator-bucket-count=8"
    "memorysetup-bucket-allocator-block-size=33554432"
    "memorysetup-bucket-allocator-block-count=8"
    "memorysetup-main-allocator-block-size=16777216"
    "memorysetup-thread-allocator-block-size=16777216"
    "memorysetup-gfx-main-allocator-block-size=16777216"
    "memorysetup-gfx-thread-allocator-block-size=16777216"
    "memorysetup-cache-allocator-block-size=4194304"
    "memorysetup-typetree-allocator-block-size=2097152"
    "memorysetup-profiler-bucket-allocator-granularity=16"
    "memorysetup-profiler-bucket-allocator-bucket-count=8"
    "memorysetup-profiler-bucket-allocator-block-size=33554432"
    "memorysetup-profiler-bucket-allocator-block-count=8"
    "memorysetup-profiler-allocator-block-size=16777216"
    "memorysetup-profiler-editor-allocator-block-size=1048576"
    "memorysetup-temp-allocator-size-main=16777216"
    "memorysetup-job-temp-allocator-block-size=2097152"
    "memorysetup-job-temp-allocator-block-size-background=1048576"
    "memorysetup-job-temp-allocator-reduction-small-platforms=262144"
    "memorysetup-temp-allocator-size-background-worker=32768"
    "memorysetup-temp-allocator-size-job-worker=262144"
    "memorysetup-temp-allocator-size-preload-manager=33554432"
    "memorysetup-temp-allocator-size-nav-mesh-worker=65536"
    "memorysetup-temp-allocator-size-audio-worker=65536"
    "memorysetup-temp-allocator-size-cloud-worker=32768"
    "memorysetup-temp-allocator-size-gi-baking-worker=262144"
    "memorysetup-temp-allocator-size-gfx=262144"
Player connection [12548] Host "[IP] 192.168.0.103 [Port] 0 [Flags] 2 [Guid] 857276851 [EditorId] 857276851 [Version] 1048832 [Id] WindowsEditor(7,winimak-oleg) [Debug] 1 [PackageName] WindowsEditor [ProjectName] Editor" joined multi-casting on [225.0.0.222:54997]...

Player connection [12548] Host "[IP] 192.168.0.103 [Port] 0 [Flags] 2 [Guid] 857276851 [EditorId] 857276851 [Version] 1048832 [Id] WindowsEditor(7,winimak-oleg) [Debug] 1 [PackageName] WindowsEditor [ProjectName] Editor" joined alternative multi-casting on [225.0.0.222:34997]...

Refreshing native plugins compatible for Editor in 94.38 ms, found 3 plugins.
Preloading 0 native plugins for Editor in 0.00 ms.
Initialize engine version: 2021.3.18f1 (3129e69bc0c7)
[Subsystems] Discovering subsystems at path C:/Program Files/Unity/Hub/Editor/2021.3.18f1/Editor/Data/Resources/UnitySubsystems
[Subsystems] Discovering subsystems at path E:/visual code/unity/testas 3d/Assets
GfxDevice: creating device client; threaded=0; jobified=0
Direct3D:
    Version:  Direct3D 11.0 [level 11.1]
    Renderer: NVIDIA GeForce RTX 2060 (ID=0x1f08)
    Vendor:   NVIDIA
    VRAM:     5968 MB
    Driver:   31.0.15.2802
Initialize mono
Mono path[0] = 'C:/Program Files/Unity/Hub/Editor/2021.3.18f1/Editor/Data/Managed'
Mono path[1] = 'C:/Program Files/Unity/Hub/Editor/2021.3.18f1/Editor/Data/MonoBleedingEdge/lib/mono/unityjit-win32'
Mono config path = 'C:/Program Files/Unity/Hub/Editor/2021.3.18f1/Editor/Data/MonoBleedingEdge/etc'
Using monoOptions --debugger-agent=transport=dt_socket,embedding=1,server=y,suspend=n,address=127.0.0.1:56172
Begin MonoManager ReloadAssembly
Registering precompiled unity dll's ...
Register platform support module: C:/Program Files/Unity/Hub/Editor/2021.3.18f1/Editor/Data/PlaybackEngines/WebGLSupport/UnityEditor.WebGL.Extensions.dll
Register platform support module: C:/Program Files/Unity/Hub/Editor/2021.3.18f1/Editor/Data/PlaybackEngines/AndroidPlayer/UnityEditor.Android.Extensions.dll
Register platform support module: C:/Program Files/Unity/Hub/Editor/2021.3.18f1/Editor/Data/PlaybackEngines/iOSSupport/UnityEditor.iOS.Extensions.dll
Register platform support module: C:/Program Files/Unity/Hub/Editor/2021.3.18f1/Editor/Data/PlaybackEngines/WindowsStandaloneSupport/UnityEditor.WindowsStandalone.Extensions.dll
Registered in 0.009778 seconds.
Native extension for WindowsStandalone target not found
[usbmuxd] Start listen thread
[usbmuxd] Listen thread started
[usbmuxd] Send listen message
Native extension for iOS target not found
Native extension for Android target not found
Android Extension - Scanning For ADB Devices 245 ms
Native extension for WebGL target not found
Refreshing native plugins compatible for Editor in 100.44 ms, found 3 plugins.
Preloading 0 native plugins for Editor in 0.00 ms.
Mono: successfully reloaded assembly
- Completed reload, in  1.076 seconds
Domain Reload Profiling:
	ReloadAssembly (1077ms)
		BeginReloadAssembly (89ms)
			ExecutionOrderSort (0ms)
			DisableScriptedObjects (0ms)
			BackupInstance (0ms)
			ReleaseScriptingObjects (0ms)
			CreateAndSetChildDomain (1ms)
		EndReloadAssembly (870ms)
			LoadAssemblies (84ms)
			RebuildTransferFunctionScriptingTraits (0ms)
			SetupTypeCache (147ms)
			ReleaseScriptCaches (0ms)
			RebuildScriptCaches (33ms)
			SetupLoadedEditorAssemblies (625ms)
				LogAssemblyErrors (0ms)
				InitializePlatformSupportModulesInManaged (352ms)
				SetLoadedEditorAssemblies (0ms)
				RefreshPlugins (101ms)
				BeforeProcessingInitializeOnLoad (2ms)
				ProcessInitializeOnLoadAttributes (108ms)
				ProcessInitializeOnLoadMethodAttributes (63ms)
				AfterProcessingInitializeOnLoad (0ms)
				EditorAssembliesLoaded (0ms)
			ExecutionOrderSort2 (0ms)
			AwakeInstancesAfterBackupRestoration (0ms)
Platform modules already initialized, skipping
Registering precompiled user dll's ...
Registered in 0.005294 seconds.
Begin MonoManager ReloadAssembly
Symbol file LoadedFromMemory doesn't match image E:\visual code\unity\testas 3d\Library\PackageCache\com.unity.visualscripting@1.8.0\Editor\VisualScripting.Core\Dependencies\YamlDotNet\Unity.VisualScripting.YamlDotNet.dll
Symbol file LoadedFromMemory doesn't match image E:\visual code\unity\testas 3d\Library\PackageCache\com.unity.visualscripting@1.8.0\Editor\VisualScripting.Core\Dependencies\DotNetZip\Unity.VisualScripting.IonicZip.dll
Native extension for WindowsStandalone target not found
Native extension for iOS target not found
Native extension for Android target not found
Native extension for WebGL target not found
Refreshing native plugins compatible for Editor in 0.83 ms, found 3 plugins.
Preloading 0 native plugins for Editor in 0.00 ms.
Mono: successfully reloaded assembly
- Completed reload, in  1.201 seconds
Domain Reload Profiling:
	ReloadAssembly (1202ms)
		BeginReloadAssembly (150ms)
			ExecutionOrderSort (0ms)
			DisableScriptedObjects (7ms)
			BackupInstance (0ms)
			ReleaseScriptingObjects (0ms)
			CreateAndSetChildDomain (27ms)
		EndReloadAssembly (903ms)
			LoadAssemblies (116ms)
			RebuildTransferFunctionScriptingTraits (0ms)
			SetupTypeCache (335ms)
			ReleaseScriptCaches (1ms)
			RebuildScriptCaches (54ms)
			SetupLoadedEditorAssemblies (353ms)
				LogAssemblyErrors (0ms)
				InitializePlatformSupportModulesInManaged (28ms)
				SetLoadedEditorAssemblies (0ms)
				RefreshPlugins (1ms)
				BeforeProcessingInitializeOnLoad (83ms)
				ProcessInitializeOnLoadAttributes (212ms)
				ProcessInitializeOnLoadMethodAttributes (19ms)
				AfterProcessingInitializeOnLoad (10ms)
				EditorAssembliesLoaded (0ms)
			ExecutionOrderSort2 (0ms)
			AwakeInstancesAfterBackupRestoration (5ms)
Platform modules already initialized, skipping
========================================================================
Worker process is ready to serve import requests
Launched and connected shader compiler UnityShaderCompiler.exe after 0.04 seconds
Refreshing native plugins compatible for Editor in 0.78 ms, found 3 plugins.
Preloading 0 native plugins for Editor in 0.00 ms.
Unloading 3048 Unused Serialized files (Serialized files now loaded: 0)
Unloading 24 unused Assets / (113.4 KB). Loaded Objects now: 3510.
Memory consumption went from 110.0 MB to 109.9 MB.
Total: 3.827500 ms (FindLiveObjects: 0.325300 ms CreateObjectMapping: 0.221800 ms MarkObjects: 3.173900 ms  DeleteObjects: 0.104600 ms)

AssetImportParameters requested are different than current active one (requested -> active):
  custom:video-decoder-ogg-theora: a1e56fd34408186e4bbccfd4996cb3dc -> 
  custom:container-muxer-webm: aa71ff27fc2769a1b78a27578f13a17b -> 
  custom:container-demuxer-webm: 4f35f7cbe854078d1ac9338744f61a02 -> 
  custom:video-encoder-webm-vp8: eb34c28f22e8b96e1ab97ce403110664 -> 
  custom:audio-encoder-webm-vorbis: bf7c407c2cedff20999df2af8eb42d56 -> 
  custom:framework-win-MediaFoundation: 216162199b28c13a410421893ffa2e32 -> 
  custom:container-demuxer-ogg: 62fdf1f143b41e24485cea50d1cbac27 -> 
  custom:video-decoder-webm-vp8: 9c59270c3fd7afecdb556c50c9e8de78 -> 
  custom:audio-decoder-ogg-vorbis: bf7c407c2cedff20999df2af8eb42d56 -> 
========================================================================
Received Import Request.
  Time since last request: 79418.337465 seconds.
  path: Assets/kenney_space-kit/Models/FBX format/pipe_ringHighEnd.fbx
  artifactKey: Guid(6b0af2b0e84f3ee42a8c0f3e88a40cc4) Importer(815301076,1909f56bfc062723c751e8b465ee728b)
Start importing Assets/kenney_space-kit/Models/FBX format/pipe_ringHighEnd.fbx using Guid(6b0af2b0e84f3ee42a8c0f3e88a40cc4) Importer(815301076,1909f56bfc062723c751e8b465ee728b)  -> (artifact id: 'e430bf9f4a215d18da9f16ac4d69cdcc') in 0.407009 seconds 
========================================================================
Received Import Request.
  Time since last request: 0.000027 seconds.
  path: Assets/kenney_space-kit/Models/FBX format/rock_largeB.fbx
  artifactKey: Guid(5c2aa2eee163a9e4eb637624321ed5ac) Importer(815301076,1909f56bfc062723c751e8b465ee728b)
Start importing Assets/kenney_space-kit/Models/FBX format/rock_largeB.fbx using Guid(5c2aa2eee163a9e4eb637624321ed5ac) Importer(815301076,1909f56bfc062723c751e8b465ee728b)  -> (artifact id: '9a39bcae2d1e8b17027ac46355a8974c') in 0.031257 seconds 
========================================================================
Received Import Request.
  Time since last request: 0.000032 seconds.
  path: Assets/kenney_space-kit/Models/FBX format/platform_side.fbx
  artifactKey: Guid(0c6b0412b1b291340afb122473797f7f) Importer(815301076,1909f56bfc062723c751e8b465ee728b)
Start importing Assets/kenney_space-kit/Models/FBX format/platform_side.fbx using Guid(0c6b0412b1b291340afb122473797f7f) Importer(815301076,1909f56bfc062723c751e8b465ee728b)  -> (artifact id: 'eb7539b160c3f4fe8596d1089a91ff3f') in 0.043381 seconds 
========================================================================
Received Import Request.
  Time since last request: 0.000025 seconds.
  path: Assets/kenney_space-kit/Models/FBX format/rocket_baseA.fbx
  artifactKey: Guid(1b0159d640d3fe34bba14c22b10a4b49) Importer(815301076,1909f56bfc062723c751e8b465ee728b)
Start importing Assets/kenney_space-kit/Models/FBX format/rocket_baseA.fbx using Guid(1b0159d640d3fe34bba14c22b10a4b49) Importer(815301076,1909f56bfc062723c751e8b465ee728b)  -> (artifact id: '7ecc1d2ef8c47a3b4004712d0e9b8290') in 0.033670 seconds 
========================================================================
Received Import Request.
  Time since last request: 0.000043 seconds.
  path: Assets/kenney_space-kit/Models/FBX format/rail_corner.fbx
  artifactKey: Guid(ba1fa402a2d86a64eb101c86a0f01ebd) Importer(815301076,1909f56bfc062723c751e8b465ee728b)
Start importing Assets/kenney_space-kit/Models/FBX format/rail_corner.fbx using Guid(ba1fa402a2d86a64eb101c86a0f01ebd) Importer(815301076,1909f56bfc062723c751e8b465ee728b)  -> (artifact id: '88a1c6d62458107cb63c1e859414f458') in 0.031161 seconds 
========================================================================
Received Import Request.
  Time since last request: 0.161459 seconds.
  path: Assets/kenney_space-kit/Models/FBX format/rocket_finsB.fbx
  artifactKey: Guid(75b1ce9ca808d31438125b4d11434274) Importer(815301076,1909f56bfc062723c751e8b465ee728b)
Start importing Assets/kenney_space-kit/Models/FBX format/rocket_finsB.fbx using Guid(75b1ce9ca808d31438125b4d11434274) Importer(815301076,1909f56bfc062723c751e8b465ee728b)  -> (artifact id: '19678525d1754702cca629b65fed1bcf') in 0.033746 seconds 
========================================================================
Received Import Request.
  Time since last request: 0.000018 seconds.
  path: Assets/kenney_space-kit/Models/FBX format/rocks_smallB.fbx
  artifactKey: Guid(2d6dcbd09eb76214e9a0251d01221145) Importer(815301076,1909f56bfc062723c751e8b465ee728b)
Start importing Assets/kenney_space-kit/Models/FBX format/rocks_smallB.fbx using Guid(2d6dcbd09eb76214e9a0251d01221145) Importer(815301076,1909f56bfc062723c751e8b465ee728b)  -> (artifact id: '51c9960e9f6ffda902c1ab61ff7b5384') in 0.023606 seconds 
========================================================================
Received Import Request.
  Time since last request: 0.000024 seconds.
  path: Assets/kenney_space-kit/Models/FBX format/stairs_short.fbx
  artifactKey: Guid(0dac2d8a50fc2f54d8c964b767f2ea5a) Importer(815301076,1909f56bfc062723c751e8b465ee728b)
Start importing Assets/kenney_space-kit/Models/FBX format/stairs_short.fbx using Guid(0dac2d8a50fc2f54d8c964b767f2ea5a) Importer(815301076,1909f56bfc062723c751e8b465ee728b)  -> (artifact id: '727d3aa4dbd6b6ad53b1c9ca1d053112') in 0.034204 seconds 
========================================================================
Received Import Request.
  Time since last request: 0.000024 seconds.
  path: Assets/kenney_space-kit/Models/FBX format/rocket_topA.fbx
  artifactKey: Guid(2fb12d75e6a445e4f96b89aff3c22a81) Importer(815301076,1909f56bfc062723c751e8b465ee728b)
Start importing Assets/kenney_space-kit/Models/FBX format/rocket_topA.fbx using Guid(2fb12d75e6a445e4f96b89aff3c22a81) Importer(815301076,1909f56bfc062723c751e8b465ee728b)  -> (artifact id: 'e0de737b232bcf88f34f300d578d2525') in 0.040663 seconds 
========================================================================
Received Import Request.
  Time since last request: 0.000029 seconds.
  path: Assets/kenney_space-kit/Models/FBX format/rocket_sidesB.fbx
  artifactKey: Guid(dcef2506883f9b4458e53005ae0ea954) Importer(815301076,1909f56bfc062723c751e8b465ee728b)
Start importing Assets/kenney_space-kit/Models/FBX format/rocket_sidesB.fbx using Guid(dcef2506883f9b4458e53005ae0ea954) Importer(815301076,1909f56bfc062723c751e8b465ee728b)  -> (artifact id: 'cab413158e11d972fd98ce53b2cd9da1') in 0.040736 seconds 
========================================================================
Received Import Request.
  Time since last request: 0.760660 seconds.
  path: Assets/kenney_space-kit/Models/FBX format/structure.fbx
  artifactKey: Guid(e4bf4b8ca83755e42907947b54234d4b) Importer(815301076,1909f56bfc062723c751e8b465ee728b)
Start importing Assets/kenney_space-kit/Models/FBX format/structure.fbx using Guid(e4bf4b8ca83755e42907947b54234d4b) Importer(815301076,1909f56bfc062723c751e8b465ee728b)  -> (artifact id: '522fa4615948e70fd003c694a42051a1') in 0.028881 seconds 
========================================================================
Received Import Request.
  Time since last request: 0.000027 seconds.
  path: Assets/kenney_space-kit/Models/FBX format/supports_high.fbx
  artifactKey: Guid(4c3b388d6e20e084bb19aae0273f8124) Importer(815301076,1909f56bfc062723c751e8b465ee728b)
Start importing Assets/kenney_space-kit/Models/FBX format/supports_high.fbx using Guid(4c3b388d6e20e084bb19aae0273f8124) Importer(815301076,1909f56bfc062723c751e8b465ee728b)  -> (artifact id: 'ac5af7f914fa2ad74fe160958c222811') in 0.029637 seconds 
========================================================================
Received Import Request.
  Time since last request: 0.000076 seconds.
  path: Assets/kenney_space-kit/Models/FBX format/terrain_roadSplit.fbx
  artifactKey: Guid(348de529612607e45bcf87723cd63140) Importer(815301076,1909f56bfc062723c751e8b465ee728b)
Start importing Assets/kenney_space-kit/Models/FBX format/terrain_roadSplit.fbx using Guid(348de529612607e45bcf87723cd63140) Importer(815301076,1909f56bfc062723c751e8b465ee728b)  -> (artifact id: '32f40b332f782869866d8164c6037a04') in 0.022825 seconds 
========================================================================
Received Import Request.
  Time since last request: 0.000027 seconds.
  path: Assets/kenney_space-kit/Models/FBX format/supports_low.fbx
  artifactKey: Guid(278d36c763460464cb1328add9667af8) Importer(815301076,1909f56bfc062723c751e8b465ee728b)
Start importing Assets/kenney_space-kit/Models/FBX format/supports_low.fbx using Guid(278d36c763460464cb1328add9667af8) Importer(815301076,1909f56bfc062723c751e8b465ee728b)  -> (artifact id: 'ea4e3c3085f9655f78ff6ad15a4df680') in 0.033573 seconds 
========================================================================
Received Import Request.
  Time since last request: 0.000029 seconds.
  path: Assets/kenney_space-kit/Models/FBX format/terrain_side.fbx
  artifactKey: Guid(2198e913debfb5040b39d0bf75fb0dfc) Importer(815301076,1909f56bfc062723c751e8b465ee728b)
Start importing Assets/kenney_space-kit/Models/FBX format/terrain_side.fbx using Guid(2198e913debfb5040b39d0bf75fb0dfc) Importer(815301076,1909f56bfc062723c751e8b465ee728b)  -> (artifact id: '0702f3887502d9109e4fb99b03165dc6') in 0.023800 seconds 
========================================================================
Received Import Request.
  Time since last request: 0.345370 seconds.
  path: Assets/kenney_space-kit/Models/FBX format/terrain_sideCliff.fbx
  artifactKey: Guid(e192c3c346b39ee45aa98056a2a87cf0) Importer(815301076,1909f56bfc062723c751e8b465ee728b)
Start importing Assets/kenney_space-kit/Models/FBX format/terrain_sideCliff.fbx using Guid(e192c3c346b39ee45aa98056a2a87cf0) Importer(815301076,1909f56bfc062723c751e8b465ee728b)  -> (artifact id: '1fdaa2111ab47c09d8ca9a7e72b458a3') in 0.029114 seconds 
========================================================================
Received Import Request.
  Time since last request: 0.000016 seconds.
  path: Assets/kenney_space-kit/Models/FBX format/turret_single.fbx
  artifactKey: Guid(e7e4c229119413b41bef475151801f72) Importer(815301076,1909f56bfc062723c751e8b465ee728b)
Start importing Assets/kenney_space-kit/Models/FBX format/turret_single.fbx using Guid(e7e4c229119413b41bef475151801f72) Importer(815301076,1909f56bfc062723c751e8b465ee728b)  -> (artifact id: 'eb33704b7130e0e9a89049eb316af846') in 0.058479 seconds 
Editor requested this worker to shutdown with reason: Scaling down because of idle timeout
AssetImportWorker is now disconnected from the server
Process exiting
Exiting without the bug reporter. Application will terminate with return code 0